[2026-01-17 18:41:15] In Fridge: 1 banana
[2026-01-17 18:41:17] In Fridge: 1 banana
[2026-01-17 18:41:22] In Fridge: 1 banana
[2026-01-17 18:41:23] In Fridge: 1 banana
[2026-01-17 18:41:46] In Fridge: 1 banana
[2026-01-17 18:41:48] In Fridge: 1 banana
[2026-01-17 18:41:50] In Fridge: 1 banana
[2026-01-17 18:42:01] In Fridge: 1 banana
[2026-01-17 18:42:02] In Fridge: 1 banana
[2026-01-17 18:42:03] In Fridge: 1 banana
[2026-01-17 18:42:04] In Fridge: 1 banana
[2026-01-17 18:42:05] In Fridge: 1 banana
[2026-01-17 18:42:06] In Fridge: 1 banana
[2026-01-17 18:42:07] In Fridge: 1 banana
[2026-01-17 18:42:08] In Fridge: 1 banana
[2026-01-17 18:42:09] In Fridge: 1 banana
[2026-01-17 18:42:10] In Fridge: 1 banana
[2026-01-17 18:42:12] In Fridge: 1 banana
[2026-01-17 18:42:13] In Fridge: 1 banana, 1 carrot
[2026-01-17 18:42:14] In Fridge: 1 banana, 1 carrot
[2026-01-17 18:42:15] In Fridge: 1 banana
[2026-01-17 18:42:16] In Fridge: 1 banana, 1 carrot
[2026-01-17 18:42:17] In Fridge: 1 banana, 1 carrot
[2026-01-17 18:42:18] In Fridge: 1 banana
[2026-01-17 18:42:19] In Fridge: 1 banana, 1 carrot
[2026-01-17 18:42:20] In Fridge: 1 banana, 1 carrot
[2026-01-17 18:42:21] In Fridge: 1 banana, 1 carrot
[19:03:55] Seen: 1 carrot
[19:03:59] Seen: 1 carrot
[19:04:00] Seen: 1 banana, 1 carrot
[19:04:01] Seen: 1 carrot
[19:04:03] Seen: 1 carrot
[19:04:04] Seen: 1 carrot
[19:04:33] Seen: 1 carrot
[19:04:35] Seen: 1 carrot
[19:04:37] Seen: 1 carrot
[19:04:38] Seen: 1 carrot
[19:04:39] Seen: 1 carrot
[19:04:41] Seen: 1 carrot
[19:04:43] Seen: 1 carrot
[19:04:44] Seen: 1 carrot
[19:07:17] Seen: 1 carrot
[19:07:18] Seen: 1 carrot
[19:07:19] Seen: 1 carrot
[19:07:20] Seen: 1 carrot
[19:07:21] Seen: 1 carrot
[19:07:22] Seen: 1 carrot
[19:07:23] Seen: 1 carrot
[19:07:24] Seen: 1 carrot
[19:07:26] Seen: 1 carrot
[19:07:27] Seen: 1 carrot
[19:07:28] Seen: 1 carrot
[19:07:58] Seen: 1 banana
[19:08:00] Seen: 1 orange
[19:08:04] Seen: 1 carrot
[19:08:06] Seen: 1 carrot, 1 banana
[19:08:07] Seen: 1 carrot
[19:08:08] Seen: 1 carrot
[19:08:09] Seen: 1 carrot
[19:08:10] Seen: 1 carrot
[19:08:11] Seen: 1 carrot
[19:08:12] Seen: 1 carrot
[19:08:14] Seen: 1 carrot
[19:08:15] Seen: 1 carrot
[19:08:16] Seen: 1 carrot
[19:08:17] Seen: 1 carrot, 1 banana
[19:08:18] Seen: 1 carrot, 1 banana
[19:08:19] Seen: 1 carrot, 1 banana
[19:08:21] Seen: 1 carrot, 1 banana
[19:08:22] Seen: 1 carrot
[19:08:29] Seen: 1 banana
[19:08:30] Seen: 1 carrot
[19:08:31] Seen: 1 carrot
[19:08:33] Seen: 1 carrot
[19:08:35] Seen: 1 carrot
[19:10:04] Seen: 1 carrot
[19:10:06] Seen: 1 carrot
[19:10:07] Seen: 1 carrot
[19:10:08] Seen: 1 banana
[19:10:09] Seen: 1 carrot
[19:10:10] Seen: 1 carrot
[19:10:12] Seen: 1 carrot
[19:10:13] Seen: 1 carrot
[19:10:14] Seen: 1 carrot
[19:10:26] Seen: 1 carrot
[19:10:27] Seen: 1 carrot, 1 banana
[19:10:28] Seen: 1 carrot
[19:10:29] Seen: 1 carrot
[19:10:30] Seen: 1 carrot
[19:10:32] Seen: 1 carrot, 1 banana
[19:10:33] Seen: 1 carrot
[19:10:42] Seen: 1 carrot, 1 banana
[19:10:43] Seen: 1 carrot, 1 banana
[19:10:45] Seen: 1 carrot
[19:10:46] Seen: 1 carrot
[19:10:47] Seen: 1 carrot, 1 banana
[19:10:48] Seen: 1 carrot
[19:10:49] Seen: 1 carrot
[19:10:50] Seen: 1 carrot, 1 hot dog
[19:10:51] Seen: 1 carrot
[19:10:52] Seen: 1 carrot
[19:10:56] Seen: 1 banana
[19:10:57] Seen: 1 carrot
[19:10:58] Seen: 1 carrot
[19:10:59] Seen: 1 carrot
[19:11:00] Seen: 1 carrot
[19:11:01] Seen: 1 carrot
[19:11:03] Seen: 1 carrot
[19:11:10] Seen: 1 carrot
[19:11:13] Seen: 1 banana
[19:11:14] Seen: 1 orange
[19:11:15] Seen: 1 carrot, 1 banana
[19:11:16] Seen: 1 carrot
[19:11:23] Seen: 1 carrot
[19:11:24] Seen: 1 banana
[19:11:25] Seen: 1 carrot
[19:11:26] Seen: 1 carrot
[19:12:15] Seen: 1 carrot
[19:12:16] Seen: 1 carrot
[19:12:17] Seen: 1 carrot
[19:13:51] Seen: 1 carrot
[19:13:52] Seen: 1 carrot
[19:13:53] Seen: 1 carrot
[19:13:54] Seen: 1 carrot
[19:13:55] Seen: 1 carrot
[19:13:56] Seen: 1 carrot
[19:13:57] Seen: 1 carrot
[19:13:58] Seen: 1 carrot
[19:14:00] Seen: 1 carrot
[19:14:01] Seen: 1 carrot
[19:14:02] Seen: 1 carrot
[19:14:03] Seen: 1 carrot
[19:14:04] Seen: 1 carrot
[19:14:05] Seen: 1 carrot
[19:14:06] Seen: 1 carrot
[19:14:20] Seen: 1 carrot
[19:14:22] Seen: 1 carrot
