--- Fridge Session Started: Sat Jan 17 21:40:25 2026 ---
[21:40:25] Seen: 1 banana
[21:40:26] Seen: 1 banana
[21:40:27] Seen: 1 banana
[21:40:28] Seen: 1 banana
[21:40:30] Seen: 1 banana
[21:40:31] Seen: 1 banana
[21:40:32] Seen: 1 banana
[21:40:33] Seen: 1 banana
[21:40:34] Seen: 1 banana
[21:40:35] Seen: 1 carrot, 1 banana
[21:40:36] Seen: 1 carrot, 1 banana
[21:40:37] Seen: 1 carrot, 1 banana
[21:40:38] Seen: 1 carrot, 1 banana
[21:40:39] Seen: 1 carrot, 1 banana
[21:40:41] Seen: 1 carrot, 1 banana
[21:40:42] Seen: 1 carrot, 1 banana
[21:40:43] Seen: 1 carrot, 1 banana
[21:40:44] Seen: 1 carrot, 1 banana
[21:40:45] Seen: 1 carrot, 1 banana
[21:40:46] Seen: 1 carrot, 1 banana
[21:40:47] Seen: 1 carrot, 1 banana, 1 hot dog
[21:40:48] Seen: 1 carrot, 1 banana
[21:40:50] Seen: 1 sandwich, 1 carrot, 1 banana
[21:40:51] Seen: 1 sandwich, 1 carrot, 2 banana
[21:40:52] Seen: 1 sandwich, 1 carrot, 1 banana
[21:40:53] Seen: 1 sandwich, 1 carrot, 2 banana
[21:40:54] Seen: 1 sandwich, 1 carrot, 2 banana
[21:40:55] Seen: 1 sandwich, 1 carrot, 1 banana
[21:40:56] Seen: 1 sandwich, 1 carrot, 1 banana
[21:40:57] Seen: 1 sandwich, 1 carrot, 2 banana
[21:40:58] Seen: 1 sandwich, 1 carrot, 1 banana
[21:40:59] Seen: 1 sandwich, 1 carrot, 2 banana
[21:41:00] Seen: 1 sandwich, 1 carrot, 2 banana
[21:41:01] Seen: 1 sandwich, 1 carrot, 2 banana
[21:41:03] Seen: 1 sandwich, 1 carrot, 1 banana
[21:41:04] Seen: 1 sandwich, 1 carrot, 2 banana
[21:41:05] Seen: 1 sandwich, 1 carrot, 1 banana
[21:41:06] Seen: 1 sandwich, 1 carrot, 1 banana
[21:41:07] Seen: 1 sandwich, 1 carrot, 2 banana
[21:41:08] Seen: 1 sandwich, 1 carrot, 1 banana
[21:41:09] Seen: 1 sandwich, 1 carrot, 2 banana
[21:41:10] Seen: 1 sandwich, 1 carrot, 1 banana
[21:41:11] Seen: 1 sandwich, 1 carrot, 1 banana
[21:41:12] Seen: 1 carrot, 2 banana
[21:41:14] Seen: 1 sandwich, 1 carrot, 1 banana
[21:41:15] Seen: 1 sandwich, 1 carrot, 1 banana
[21:41:16] Seen: 1 sandwich, 1 carrot, 2 banana
[21:41:17] Seen: 1 carrot, 1 banana
[21:41:18] Seen: 1 carrot, 1 banana
[21:41:19] Seen: 1 carrot, 1 banana, 1 hot dog
[21:41:20] Seen: 1 carrot, 1 banana
[21:41:21] Seen: 1 carrot, 1 banana, 1 hot dog
[21:41:22] Seen: 1 carrot, 1 banana, 1 hot dog
[21:41:23] Seen: 1 carrot, 1 banana, 1 hot dog
[21:41:25] Seen: 1 carrot, 1 banana, 1 hot dog
[21:41:26] Seen: 1 carrot, 1 banana, 1 hot dog
[21:41:27] Seen: 1 carrot, 1 banana, 1 hot dog
[21:41:28] Seen: 1 carrot, 1 banana, 1 hot dog
[21:41:29] Seen: 1 carrot, 1 banana, 1 hot dog
[21:41:30] Seen: 1 carrot, 1 banana, 1 hot dog
[21:41:31] Seen: 1 carrot, 1 banana, 1 hot dog
[21:41:32] Seen: 1 carrot, 1 banana, 1 hot dog
[21:41:33] Seen: 1 carrot, 1 banana, 1 hot dog
[21:41:34] Seen: 1 carrot, 1 banana, 1 hot dog
[21:41:36] Seen: 1 carrot, 1 banana, 1 hot dog
[21:41:37] Seen: 1 carrot, 1 banana, 1 hot dog
[21:41:38] Seen: 1 carrot, 1 banana, 1 hot dog
[21:41:39] Seen: 1 carrot, 1 banana, 1 hot dog
[21:41:40] Seen: 1 carrot, 1 banana, 1 hot dog
[21:41:41] Seen: 1 carrot, 1 banana, 1 hot dog
[21:41:42] Seen: 1 carrot, 1 banana, 1 hot dog
[21:41:43] Seen: 1 carrot, 1 banana, 1 hot dog
[21:41:45] Seen: 1 carrot, 1 banana, 1 hot dog
[21:41:46] Seen: 1 carrot, 1 banana, 1 hot dog
[21:41:47] Seen: 1 carrot, 1 banana, 1 hot dog
[21:41:48] Seen: 1 carrot, 1 banana, 1 hot dog
[21:41:49] Seen: 1 carrot, 1 banana, 1 hot dog
[21:41:50] Seen: 1 carrot, 1 banana, 1 hot dog
[21:41:51] Seen: 1 carrot, 1 banana, 1 hot dog
[21:41:52] Seen: 1 carrot, 1 banana, 1 hot dog
[21:41:53] Seen: 1 carrot, 1 banana, 1 hot dog
[21:41:54] Seen: 1 carrot, 1 banana, 1 hot dog
[21:41:55] Seen: 1 carrot, 1 banana, 1 hot dog
[21:41:56] Seen: 1 carrot, 1 banana, 1 hot dog
[21:41:58] Seen: 1 carrot, 1 banana, 1 hot dog
[21:41:59] Seen: 1 carrot, 1 banana, 1 hot dog
[21:42:00] Seen: 1 carrot, 1 banana, 1 hot dog
[21:42:01] Seen: 1 carrot, 1 banana, 1 hot dog
[21:42:02] Seen: 1 carrot, 1 banana, 1 hot dog
[21:42:03] Seen: 1 carrot, 1 banana, 1 hot dog
[21:42:04] Seen: 1 carrot, 1 banana, 1 hot dog
[21:42:05] Seen: 1 carrot, 1 banana, 1 hot dog
[21:42:06] Seen: 1 carrot, 1 banana, 1 hot dog
[21:42:07] Seen: 1 carrot, 1 banana, 1 hot dog
[21:42:09] Seen: 1 carrot, 1 banana, 1 hot dog
[21:42:10] Seen: 1 carrot, 1 banana, 1 hot dog
[21:42:11] Seen: 1 carrot, 1 banana, 1 hot dog
[21:42:12] Seen: 1 carrot, 1 banana, 1 hot dog
[21:42:13] Seen: 1 carrot, 1 banana, 1 hot dog
[21:42:14] Seen: 1 carrot, 1 banana, 1 hot dog
[21:42:15] Seen: 1 carrot, 1 banana, 1 hot dog
[21:42:16] Seen: 1 carrot, 1 banana, 1 hot dog
[21:42:17] Seen: 1 carrot, 1 banana, 1 hot dog
[21:42:19] Seen: 1 carrot, 1 banana, 1 hot dog
[21:42:20] Seen: 1 carrot, 1 banana, 1 hot dog
[21:42:21] Seen: 1 carrot, 1 banana, 1 hot dog
[21:42:22] Seen: 1 carrot, 1 banana, 1 hot dog
[21:42:23] Seen: 1 carrot, 1 banana, 1 hot dog
[21:42:24] Seen: 1 carrot, 1 banana, 1 hot dog
[21:42:25] Seen: 1 carrot, 1 banana, 1 hot dog
[21:42:26] Seen: 1 carrot, 1 banana, 1 hot dog
[21:42:28] Seen: 1 carrot, 1 banana, 1 hot dog
[21:42:29] Seen: 1 carrot, 1 banana, 1 hot dog
[21:42:30] Seen: 1 carrot, 1 banana, 1 hot dog
[21:42:31] Seen: 1 carrot, 1 banana, 1 hot dog
[21:42:32] Seen: 1 carrot, 1 banana, 1 hot dog
[21:42:33] Seen: 1 carrot, 1 banana, 1 hot dog
[21:42:34] Seen: 1 carrot, 1 banana, 1 hot dog
[21:42:35] Seen: 1 carrot, 1 banana, 1 hot dog
[21:42:36] Seen: 1 carrot, 1 banana, 1 hot dog
[21:42:38] Seen: 1 carrot, 1 banana, 1 hot dog
[21:42:39] Seen: 1 carrot, 1 banana, 1 hot dog
[21:42:40] Seen: 1 carrot, 1 banana, 1 hot dog
[21:42:41] Seen: 1 carrot, 1 banana, 1 hot dog
[21:42:42] Seen: 1 carrot, 1 banana, 1 hot dog
[21:42:43] Seen: 1 carrot, 1 banana, 1 hot dog
[21:42:44] Seen: 1 carrot, 1 banana, 1 hot dog
[21:42:45] Seen: 1 carrot, 1 banana, 1 hot dog
[21:42:46] Seen: 1 carrot, 1 banana, 1 hot dog
[21:42:48] Seen: 1 carrot, 1 banana, 1 hot dog
