--- Fridge Session Started: Sat Jan 17 19:16:13 2026 ---
[19:16:13] Scanning... (No specific food detected)
[19:16:14] Scanning... (No specific food detected)
[19:16:15] Scanning... (No specific food detected)
[19:16:16] Scanning... (No specific food detected)
[19:16:17] Scanning... (No specific food detected)
[19:16:19] Scanning... (No specific food detected)
[19:16:20] Scanning... (No specific food detected)
[19:16:21] Scanning... (No specific food detected)
[19:16:22] Scanning... (No specific food detected)
[19:16:23] Scanning... (No specific food detected)
[19:16:24] Scanning... (No specific food detected)
[19:16:25] Scanning... (No specific food detected)
[19:16:26] Seen: 1 carrot
[19:16:27] Seen: 1 carrot, 1 hot dog
[19:16:28] Seen: 1 carrot
[19:16:29] Scanning... (No specific food detected)
[19:16:30] Scanning... (No specific food detected)
[19:16:31] Scanning... (No specific food detected)
[19:16:32] Seen: 1 carrot
[19:16:33] Seen: 1 carrot
[19:16:34] Seen: 1 carrot
[19:16:36] Seen: 1 carrot
[19:16:37] Seen: 1 carrot
[19:16:38] Seen: 1 carrot
[19:16:39] Scanning... (No specific food detected)
[19:16:40] Scanning... (No specific food detected)
[19:16:41] Scanning... (No specific food detected)
[19:16:42] Scanning... (No specific food detected)
[19:16:43] Scanning... (No specific food detected)
[19:16:44] Scanning... (No specific food detected)
[19:16:45] Seen: 1 apple, 1 orange
[19:16:46] Scanning... (No specific food detected)
[19:16:47] Seen: 1 carrot
[19:16:48] Seen: 1 carrot
[19:16:49] Seen: 1 carrot
[19:16:50] Seen: 1 carrot, 1 hot dog
[19:16:52] Seen: 1 hot dog
[19:16:53] Scanning... (No specific food detected)
[19:16:54] Scanning... (No specific food detected)
[19:16:55] Scanning... (No specific food detected)
[19:16:56] Seen: 1 carrot
[19:16:57] Seen: 1 hot dog
[19:16:58] Seen: 1 hot dog
[19:16:59] Seen: 1 hot dog
[19:17:00] Seen: 1 hot dog
[19:17:01] Seen: 1 hot dog
[19:17:02] Seen: 1 hot dog
[19:17:03] Seen: 1 hot dog
[19:17:04] Scanning... (No specific food detected)
[19:17:05] Scanning... (No specific food detected)
[19:17:06] Seen: 1 carrot
[19:17:07] Seen: 1 orange
[19:17:08] Seen: 1 carrot, 1 hot dog
[19:17:09] Seen: 1 carrot
[19:17:10] Seen: 1 carrot
[19:17:12] Seen: 1 carrot
[19:17:13] Seen: 1 carrot
[19:17:14] Seen: 1 carrot
[19:17:15] Seen: 1 carrot, 1 hot dog
[19:17:16] Scanning... (No specific food detected)
[19:17:17] Scanning... (No specific food detected)
[19:17:18] Scanning... (No specific food detected)
[19:17:19] Scanning... (No specific food detected)
[19:17:20] Scanning... (No specific food detected)
[19:17:21] Scanning... (No specific food detected)
[19:17:22] Scanning... (No specific food detected)
