[22:38:58] Scanning...
[22:38:59] Scanning...
[22:39:00] Scanning...
[22:39:01] Scanning...
[22:39:03] Scanning...
[22:39:04] Scanning...
[22:39:05] Scanning...
[22:39:06] Scanning...
[22:39:07] Scanning...
[22:39:09] Stable Inventory: 1 banana
[22:39:10] Stable Inventory: 1 sandwich, 1 banana, 1 carrot
[22:39:11] Stable Inventory: 1 sandwich, 1 banana, 1 carrot
[22:39:12] Stable Inventory: 1 sandwich, 1 banana, 1 hot dog, 1 carrot
[22:39:13] Stable Inventory: 1 sandwich, 1 banana, 1 hot dog, 1 carrot
[22:39:15] Stable Inventory: 1 sandwich, 1 banana, 1 hot dog, 1 carrot
[22:39:16] Stable Inventory: 1 sandwich, 1 banana, 1 hot dog, 1 carrot
[22:39:17] Stable Inventory: 1 sandwich, 1 banana, 1 hot dog, 1 carrot
[22:39:18] Stable Inventory: 1 sandwich, 1 banana, 1 hot dog, 1 carrot
[22:39:19] Stable Inventory: 1 sandwich, 1 banana, 1 hot dog, 1 carrot
[22:39:20] Stable Inventory: 1 sandwich, 1 banana, 1 hot dog, 1 carrot
[22:39:21] Stable Inventory: 1 sandwich, 1 banana, 1 hot dog, 1 carrot
[22:39:22] Stable Inventory: 1 banana, 1 hot dog, 1 carrot
[22:39:24] Stable Inventory: 1 sandwich, 1 banana, 1 hot dog, 1 carrot
[22:39:25] Stable Inventory: 1 sandwich, 1 banana, 1 hot dog, 1 carrot
[22:39:26] Stable Inventory: 1 sandwich, 1 banana, 1 hot dog, 1 carrot
