--- Fridge Session Started: Sat Jan 17 20:01:13 2026 ---
[20:01:13] Seen: 1 banana, 2 carrot
[20:01:14] Seen: 1 carrot
[20:01:15] Seen: 1 carrot
[20:01:16] Seen: 1 carrot
[20:01:17] Seen: 1 carrot
[20:01:18] Seen: 1 carrot
[20:01:19] Seen: 1 hot dog, 1 carrot
[20:01:20] Scanning... (No specific food detected)
[20:01:21] Seen: 1 carrot
[20:01:22] Scanning... (No specific food detected)
[20:01:23] Seen: 1 banana
[20:01:25] Seen: 1 banana, 1 carrot
[20:01:26] Scanning... (No specific food detected)
[20:01:27] Scanning... (No specific food detected)
[20:01:28] Scanning... (No specific food detected)
[20:01:29] Scanning... (No specific food detected)
[20:01:30] Seen: 1 banana, 1 sandwich
[20:01:31] Seen: 1 carrot
[20:01:32] Seen: 1 carrot
[20:01:33] Seen: 1 banana
[20:01:34] Seen: 1 carrot
[20:01:35] Seen: 1 sandwich, 1 carrot
[20:01:37] Seen: 1 carrot
[20:01:38] Seen: 1 hot dog, 1 carrot
[20:01:39] Seen: 1 banana, 1 hot dog, 1 sandwich, 1 carrot
[20:01:40] Seen: 1 sandwich, 1 carrot
[20:01:41] Seen: 1 banana, 1 hot dog, 1 sandwich, 1 carrot
[20:01:42] Seen: 1 banana, 1 carrot
[20:01:43] Seen: 1 banana, 1 carrot
[20:01:44] Seen: 1 banana, 1 hot dog, 1 carrot
[20:01:45] Seen: 1 banana, 1 hot dog, 1 sandwich, 1 carrot
[20:01:46] Seen: 1 banana, 2 sandwich, 1 carrot
[20:01:47] Seen: 1 banana, 1 carrot
[20:01:48] Seen: 1 carrot
[20:01:50] Seen: 1 carrot
[20:01:51] Seen: 1 hot dog, 1 sandwich, 1 carrot
[20:01:52] Scanning... (No specific food detected)
[20:01:53] Scanning... (No specific food detected)
[20:01:54] Scanning... (No specific food detected)
[20:01:55] Scanning... (No specific food detected)
[20:01:56] Scanning... (No specific food detected)
[20:01:57] Scanning... (No specific food detected)
[20:01:58] Seen: 1 carrot
[20:01:59] Seen: 1 sandwich, 1 carrot
[20:02:00] Seen: 1 banana, 1 carrot
[20:02:01] Seen: 1 banana, 1 carrot
[20:02:02] Seen: 1 carrot
[20:02:03] Seen: 1 carrot
[20:02:04] Seen: 1 carrot
[20:02:05] Seen: 1 carrot
[20:02:07] Seen: 1 carrot
[20:02:08] Seen: 1 carrot
[20:02:09] Scanning... (No specific food detected)
[20:02:10] Scanning... (No specific food detected)
[20:02:11] Scanning... (No specific food detected)
[20:02:12] Scanning... (No specific food detected)
[20:02:13] Scanning... (No specific food detected)
[20:02:14] Scanning... (No specific food detected)
[20:02:15] Scanning... (No specific food detected)
[20:02:17] Scanning... (No specific food detected)
[20:02:18] Scanning... (No specific food detected)
