--- Fridge Session Started: Sat Jan 17 21:44:23 2026 ---
[21:44:23] Seen: 1 carrot, 1 banana, 1 hot dog
[21:44:25] Seen: 1 carrot, 1 banana, 1 hot dog
[21:44:26] Seen: 1 carrot, 1 banana, 1 hot dog
[21:44:27] Seen: 1 carrot, 1 banana, 1 hot dog
[21:44:28] Seen: 1 carrot, 1 banana, 1 hot dog
[21:44:29] Seen: 1 carrot, 1 banana, 1 hot dog
[21:44:30] Seen: 1 carrot, 1 banana, 1 hot dog
[21:44:31] Seen: 1 carrot, 1 banana, 1 hot dog
[21:44:32] Seen: 1 carrot, 1 banana, 1 hot dog
[21:44:33] Seen: 1 carrot, 1 banana
[21:44:34] Seen: 1 carrot, 1 banana, 1 hot dog
[21:44:35] Seen: 1 carrot, 1 banana, 1 hot dog
[21:44:36] Seen: 1 carrot, 1 banana, 1 hot dog
[21:44:38] Seen: 1 carrot, 1 banana, 1 hot dog
[21:44:39] Seen: 1 carrot, 1 banana, 1 hot dog
[21:44:40] Seen: 1 carrot, 1 banana, 1 hot dog
[21:44:41] Seen: 1 carrot, 1 banana, 1 hot dog
[21:44:42] Seen: 1 carrot, 1 banana, 1 hot dog
[21:44:43] Seen: 1 carrot, 1 banana, 1 hot dog
[21:44:44] Seen: 1 carrot, 1 banana, 1 hot dog
[21:44:45] Seen: 1 carrot, 1 banana, 1 hot dog
[21:44:46] Seen: 1 carrot, 1 banana, 1 hot dog
[21:44:47] Seen: 1 carrot, 1 banana, 1 hot dog
[21:44:48] Seen: 1 carrot, 1 banana, 1 hot dog
[21:44:49] Seen: 1 carrot, 1 banana, 1 hot dog
[21:44:50] Seen: 1 carrot, 1 banana, 1 hot dog
[21:44:51] Seen: 1 carrot, 1 banana, 1 hot dog
[21:44:53] Seen: 1 carrot, 1 banana, 1 hot dog
[21:44:54] Seen: 1 carrot, 1 banana, 1 hot dog
[21:44:55] Seen: 1 carrot, 1 banana, 1 hot dog
[21:44:56] Seen: 1 carrot, 1 banana, 1 hot dog
[21:44:57] Seen: 1 carrot, 1 banana, 1 hot dog
[21:44:58] Seen: 2 carrot, 1 banana, 1 hot dog
[21:44:59] Seen: 1 carrot, 1 banana, 1 hot dog
[21:45:00] Seen: 1 carrot, 1 banana, 1 hot dog
[21:45:01] Seen: 1 carrot, 1 banana, 1 hot dog
[21:45:02] Seen: 1 carrot, 1 banana, 1 hot dog
[21:45:04] Seen: 1 carrot, 1 banana, 1 hot dog
[21:45:05] Seen: 1 carrot, 1 banana, 1 hot dog
[21:45:06] Seen: 1 carrot, 1 banana, 1 hot dog
[21:45:07] Seen: 2 banana
[21:45:08] Seen: 1 banana
[21:45:09] Seen: 1 carrot, 1 banana
[21:45:10] Seen: 1 carrot, 1 banana, 1 hot dog
[21:45:11] Seen: 1 carrot, 1 banana, 1 hot dog
[21:45:12] Seen: 1 carrot, 1 banana, 1 hot dog
[21:45:14] Seen: 1 carrot, 1 banana, 1 hot dog
[21:45:15] Seen: 1 carrot, 1 banana, 1 hot dog
[21:45:16] Seen: 1 hot dog, 1 banana, 1 carrot
[21:45:17] Scanning... (No specific food detected)
[21:45:18] Seen: 1 carrot, 1 banana, 1 hot dog
[21:45:19] Seen: 1 carrot, 1 banana, 1 hot dog
[21:45:20] Seen: 1 carrot, 1 banana, 1 hot dog
[21:45:21] Seen: 1 carrot, 1 banana, 1 hot dog
[21:45:22] Seen: 1 carrot, 1 banana, 1 hot dog
[21:45:23] Seen: 1 carrot, 1 banana, 1 hot dog
[21:45:24] Seen: 1 carrot, 1 banana, 1 hot dog
[21:45:26] Seen: 1 carrot, 1 banana, 1 hot dog
[21:45:27] Seen: 1 banana
[21:45:28] Seen: 1 carrot, 1 banana
[21:45:29] Seen: 1 carrot, 1 banana, 1 hot dog, 1 orange
[21:45:30] Seen: 1 carrot, 1 banana, 1 hot dog, 1 orange
[21:45:31] Seen: 1 carrot, 1 banana, 1 hot dog, 1 orange
[21:45:32] Seen: 1 carrot, 1 banana, 1 hot dog, 1 orange
[21:45:33] Seen: 1 carrot, 1 banana, 1 hot dog, 1 orange
[21:45:34] Seen: 1 carrot, 1 banana, 1 hot dog, 1 orange
[21:45:35] Seen: 1 carrot, 1 banana, 1 hot dog, 1 orange
[21:45:37] Seen: 1 carrot, 1 banana, 1 hot dog, 1 orange
[21:45:38] Seen: 1 carrot, 1 banana, 1 hot dog, 1 orange
[21:45:39] Seen: 1 carrot, 1 banana, 1 hot dog, 1 orange
[21:45:40] Seen: 1 carrot, 1 banana, 1 hot dog, 1 orange
[21:45:41] Seen: 1 carrot, 1 banana, 1 hot dog, 1 orange
[21:45:42] Seen: 1 carrot, 1 banana, 1 hot dog, 1 orange
[21:45:43] Seen: 1 carrot, 1 banana, 1 hot dog, 1 orange
[21:45:44] Seen: 1 carrot, 1 banana, 1 hot dog, 1 orange
[21:45:45] Seen: 1 carrot, 1 banana, 1 hot dog, 1 orange
[21:45:46] Seen: 1 carrot, 1 banana, 1 hot dog, 1 orange
[21:45:48] Seen: 1 carrot, 1 banana, 1 hot dog, 1 orange
[21:45:49] Seen: 1 carrot, 1 banana, 1 hot dog, 1 orange
[21:45:50] Seen: 1 carrot, 1 banana, 1 hot dog, 1 orange
[21:45:51] Seen: 1 carrot, 1 banana, 1 hot dog, 1 orange
[21:45:52] Seen: 1 carrot, 1 banana, 1 hot dog, 1 orange
[21:45:53] Seen: 1 carrot, 1 banana, 1 hot dog, 1 orange
[21:45:54] Seen: 1 carrot, 1 banana, 1 hot dog, 1 orange
[21:45:55] Seen: 1 carrot, 1 banana, 1 hot dog, 1 orange
[21:45:56] Seen: 1 carrot, 1 banana, 1 hot dog, 1 orange
[21:45:57] Seen: 1 carrot, 1 banana, 1 hot dog, 1 orange
[21:45:59] Seen: 1 carrot, 1 banana, 1 hot dog, 1 orange
[21:46:00] Seen: 1 carrot, 1 banana, 1 hot dog, 1 orange
[21:46:01] Seen: 1 carrot, 1 banana, 1 hot dog, 1 orange
[21:46:02] Seen: 1 carrot, 1 banana, 1 hot dog, 1 orange
[21:46:03] Seen: 1 carrot, 1 banana, 1 hot dog, 1 orange
[21:46:04] Seen: 1 carrot, 1 banana, 1 hot dog, 1 orange
[21:46:05] Seen: 1 carrot, 1 banana, 1 hot dog, 1 orange
[21:46:06] Seen: 1 carrot, 1 banana, 1 hot dog, 1 orange
[21:46:07] Seen: 1 carrot, 1 banana, 1 hot dog, 1 orange
[21:46:08] Seen: 1 carrot, 1 banana, 1 hot dog, 1 orange
[21:46:09] Seen: 1 carrot, 1 banana, 1 hot dog, 1 orange
[21:46:10] Seen: 1 carrot, 1 banana, 1 hot dog, 1 orange
[21:46:12] Seen: 1 carrot, 1 banana, 1 hot dog, 1 orange
[21:46:13] Seen: 1 carrot, 1 banana, 1 hot dog, 1 orange
[21:46:14] Seen: 1 carrot, 1 banana, 1 hot dog, 1 orange
[21:46:15] Seen: 1 carrot, 1 banana, 1 hot dog, 1 orange
[21:46:16] Seen: 1 carrot, 1 banana, 1 hot dog, 1 orange
[21:46:17] Seen: 1 carrot, 1 banana, 1 hot dog, 1 orange
[21:46:18] Seen: 1 carrot, 1 banana, 1 hot dog, 1 orange
[21:46:19] Seen: 1 carrot, 1 banana, 1 hot dog, 1 orange
[21:46:20] Seen: 1 carrot, 1 banana, 1 hot dog
[21:46:21] Seen: 1 carrot, 1 banana, 1 hot dog
[21:46:23] Seen: 2 carrot, 1 banana, 1 hot dog
[21:46:24] Seen: 1 carrot, 1 banana, 1 hot dog
[21:46:25] Seen: 2 carrot, 1 banana, 1 hot dog
[21:46:26] Seen: 1 carrot, 1 banana, 1 hot dog
[21:46:27] Seen: 1 carrot, 1 banana, 1 hot dog
[21:46:28] Seen: 1 carrot, 1 banana
[21:46:29] Seen: 1 carrot, 1 banana, 1 hot dog
[21:46:30] Seen: 1 carrot, 2 banana
[21:46:31] Seen: 1 carrot, 2 banana
[21:46:33] Seen: 1 carrot, 2 banana
[21:46:34] Seen: 1 carrot, 2 banana
[21:46:35] Seen: 1 carrot
[21:46:36] Seen: 1 hot dog, 1 banana, 1 carrot
[21:46:37] Seen: 1 carrot, 1 banana, 1 hot dog
[21:46:38] Seen: 1 carrot, 2 banana
[21:46:39] Seen: 1 carrot, 1 banana, 1 hot dog
[21:46:40] Seen: 1 carrot, 2 banana
[21:46:41] Seen: 1 carrot, 1 banana, 1 hot dog
[21:46:42] Seen: 1 carrot, 1 banana
[21:46:44] Seen: 1 carrot, 1 banana
[21:46:45] Seen: 1 carrot, 1 banana
[21:46:46] Seen: 2 carrot, 1 banana
[21:46:47] Seen: 1 carrot, 2 banana
[21:46:48] Seen: 1 carrot, 1 banana, 1 hot dog, 1 orange
[21:46:49] Seen: 1 carrot, 1 banana, 1 hot dog, 1 orange
[21:46:50] Seen: 1 carrot, 1 banana, 1 hot dog, 1 orange
[21:46:51] Seen: 1 carrot, 1 banana, 1 hot dog, 1 orange
[21:46:53] Seen: 1 carrot, 1 banana, 1 hot dog, 1 orange
[21:46:54] Seen: 1 carrot, 1 banana, 1 hot dog
[21:46:55] Seen: 2 carrot, 1 banana, 1 hot dog
[21:46:56] Seen: 1 carrot, 1 banana, 1 hot dog
[21:46:57] Seen: 1 carrot, 1 banana, 1 hot dog, 1 orange
[21:46:58] Seen: 1 carrot, 1 banana, 1 hot dog, 1 orange
[21:46:59] Seen: 1 carrot, 1 banana, 1 hot dog, 1 orange
[21:47:00] Seen: 1 carrot, 1 banana, 1 hot dog, 1 orange
[21:47:02] Seen: 1 carrot, 1 banana, 1 hot dog
[21:47:03] Seen: 1 carrot, 2 banana
[21:47:04] Seen: 1 carrot, 1 banana
[21:47:05] Seen: 1 carrot, 1 hot dog
[21:47:06] Seen: 1 carrot, 1 hot dog
[21:47:07] Seen: 1 carrot, 1 hot dog
[21:47:08] Seen: 1 carrot, 1 banana, 1 hot dog
[21:47:09] Seen: 1 carrot, 1 banana, 1 hot dog, 1 orange
[21:47:10] Seen: 1 carrot, 1 banana, 1 hot dog, 1 orange
[21:47:11] Seen: 1 carrot, 1 banana, 1 hot dog, 1 orange
[21:47:13] Seen: 1 carrot, 1 banana, 1 hot dog, 1 orange
[21:47:14] Seen: 1 carrot, 1 banana, 1 hot dog, 1 orange
[21:47:15] Seen: 1 carrot, 1 banana, 1 hot dog, 1 orange
[21:47:16] Seen: 1 carrot, 1 banana, 1 hot dog, 1 orange
[21:47:17] Seen: 1 carrot, 1 banana, 1 hot dog, 1 orange
[21:47:18] Seen: 1 carrot, 1 banana, 1 hot dog, 1 orange
[21:47:19] Seen: 1 carrot, 1 banana, 1 hot dog, 1 orange
[21:47:20] Seen: 1 carrot, 1 banana, 1 hot dog, 1 orange
[21:47:22] Seen: 1 carrot, 1 banana, 1 hot dog, 1 orange
[21:47:23] Seen: 1 carrot, 1 banana, 1 hot dog, 1 orange
[21:47:24] Seen: 1 carrot, 1 banana, 1 hot dog, 1 orange
[21:47:25] Seen: 1 carrot, 1 banana, 1 hot dog, 1 orange
[21:47:26] Seen: 1 carrot, 1 banana, 1 hot dog, 1 orange
[21:47:27] Seen: 1 carrot, 1 banana, 1 hot dog
[21:47:28] Seen: 1 carrot, 1 banana, 1 hot dog
[21:47:29] Seen: 1 carrot, 1 hot dog
[21:47:31] Seen: 1 carrot, 1 banana, 1 hot dog
[21:47:32] Seen: 1 carrot, 1 banana, 1 hot dog
[21:47:33] Seen: 1 carrot, 1 banana, 1 hot dog, 1 orange
[21:47:34] Seen: 1 carrot, 1 banana, 1 hot dog, 1 orange
[21:47:35] Seen: 1 carrot, 1 banana, 1 hot dog, 1 orange
[21:47:36] Seen: 1 carrot, 1 banana, 1 hot dog, 1 orange
[21:47:37] Seen: 1 carrot, 1 banana, 1 hot dog, 1 orange
[21:47:38] Seen: 1 carrot, 1 banana, 1 hot dog, 1 orange
[21:47:39] Seen: 1 hot dog, 1 orange, 1 carrot, 1 banana, 1 apple
[21:47:41] Seen: 1 carrot, 1 banana, 1 hot dog
[21:47:42] Seen: 1 carrot, 1 banana, 1 hot dog, 1 orange
[21:47:43] Seen: 1 carrot, 1 banana, 1 hot dog, 1 orange
[21:47:44] Seen: 1 carrot, 1 banana, 1 hot dog, 1 orange
[21:47:45] Seen: 1 carrot, 1 banana, 1 hot dog, 1 orange
[21:47:46] Seen: 1 carrot, 1 banana, 1 hot dog, 1 orange
[21:47:47] Seen: 1 carrot, 1 banana, 1 hot dog, 1 orange
[21:47:48] Seen: 1 carrot, 1 banana, 1 hot dog, 1 orange
[21:47:50] Seen: 1 carrot, 1 banana, 1 hot dog, 1 orange
[21:47:51] Seen: 1 hot dog, 1 orange, 1 carrot, 1 banana, 1 apple
[21:47:52] Seen: 1 carrot, 1 banana, 1 hot dog, 1 orange
[21:47:53] Seen: 1 carrot, 1 banana, 1 hot dog, 1 orange
[21:47:54] Seen: 1 carrot, 1 banana, 1 hot dog, 1 orange
[21:47:55] Seen: 1 carrot, 1 banana, 1 hot dog, 1 orange
[21:47:56] Seen: 1 carrot, 1 banana, 1 hot dog, 1 orange
[21:47:57] Seen: 1 carrot, 1 banana, 1 hot dog, 1 orange
[21:47:58] Seen: 1 carrot, 1 banana, 1 hot dog, 1 orange
[21:48:00] Seen: 1 carrot, 1 banana, 1 hot dog, 1 orange
[21:48:01] Seen: 1 carrot, 1 banana, 1 hot dog, 1 orange
[21:48:02] Seen: 1 carrot, 1 banana, 1 hot dog, 1 orange
[21:48:03] Seen: 1 carrot, 1 banana, 1 hot dog, 1 orange
[21:48:04] Seen: 1 carrot, 1 banana, 1 hot dog, 1 orange
[21:48:05] Seen: 1 carrot, 1 banana, 1 hot dog, 1 orange
[21:48:06] Seen: 1 carrot, 1 banana, 1 hot dog, 1 orange
[21:48:07] Seen: 1 carrot, 1 banana, 1 hot dog, 1 orange
[21:48:09] Seen: 1 carrot, 1 banana, 1 hot dog, 1 orange
[21:48:10] Seen: 1 carrot, 1 banana, 1 hot dog, 1 orange
[21:48:11] Seen: 1 carrot, 1 banana, 1 hot dog, 1 orange
[21:48:12] Seen: 1 carrot, 1 banana, 1 hot dog, 1 orange
[21:48:13] Seen: 1 carrot, 1 banana, 1 hot dog, 1 orange
[21:48:14] Seen: 1 carrot, 1 banana, 1 hot dog, 1 orange
[21:48:15] Seen: 1 carrot, 1 banana, 1 hot dog, 1 orange
[21:48:16] Seen: 1 carrot, 1 banana, 1 hot dog, 1 orange
[21:48:18] Seen: 1 carrot, 1 banana, 1 hot dog
[21:48:19] Seen: 2 carrot, 1 banana, 1 hot dog
[21:48:20] Seen: 2 carrot, 1 banana, 1 hot dog
[21:48:21] Seen: 2 carrot, 1 banana, 1 hot dog
[21:48:22] Seen: 1 carrot, 1 banana, 1 hot dog
[21:48:23] Seen: 2 carrot, 1 banana, 1 hot dog
[21:48:25] Seen: 1 carrot, 1 banana, 1 hot dog
[21:48:26] Seen: 1 hot dog, 1 banana, 1 carrot
[21:48:27] Seen: 1 hot dog, 1 banana
[21:48:28] Seen: 1 hot dog, 1 banana, 1 carrot, 1 orange
[21:48:29] Seen: 1 hot dog, 1 banana, 1 orange
[21:48:30] Seen: 1 hot dog, 1 banana, 1 orange
[21:48:31] Seen: 1 hot dog, 1 banana, 1 carrot, 1 orange
[21:48:32] Seen: 1 hot dog, 1 banana, 1 orange
[21:48:33] Seen: 1 hot dog, 1 banana, 1 carrot, 1 orange
[21:48:35] Seen: 1 hot dog, 1 banana, 1 orange
[21:48:36] Seen: 1 hot dog, 1 banana, 1 carrot, 1 orange
[21:48:37] Seen: 1 hot dog, 1 banana, 1 orange
[21:48:38] Seen: 1 hot dog, 1 banana, 1 orange
[21:48:39] Seen: 1 hot dog, 1 banana, 1 orange
[21:48:40] Seen: 1 hot dog, 1 banana, 1 carrot, 1 orange
[21:48:41] Seen: 1 hot dog, 1 banana, 1 orange
[21:48:42] Seen: 1 hot dog, 1 banana, 1 carrot, 1 orange
[21:48:43] Seen: 1 hot dog, 1 banana, 1 carrot, 1 orange
[21:48:45] Seen: 1 hot dog, 1 banana, 1 orange
[21:48:46] Seen: 1 hot dog, 1 banana, 1 orange
[21:48:47] Seen: 1 hot dog, 1 banana, 1 orange
[21:48:48] Seen: 1 hot dog, 1 banana, 1 orange
[21:48:49] Seen: 1 hot dog, 1 banana, 1 orange
[21:48:50] Seen: 1 hot dog, 1 banana, 1 orange
[21:48:52] Seen: 1 hot dog, 1 banana, 1 orange
[21:48:53] Seen: 1 hot dog, 1 banana, 1 orange
[21:48:54] Seen: 1 hot dog, 1 banana, 1 orange
[21:48:55] Seen: 1 hot dog, 1 banana, 1 orange
[21:48:56] Seen: 1 hot dog, 1 banana, 1 orange
[21:48:57] Seen: 1 hot dog, 1 banana, 1 orange
[21:48:58] Seen: 1 hot dog, 1 banana, 1 orange
[21:48:59] Seen: 1 hot dog, 1 banana, 1 orange
[21:49:00] Seen: 1 carrot, 1 banana, 1 hot dog
[21:49:01] Seen: 1 hot dog, 1 banana, 1 carrot
[21:49:03] Seen: 1 hot dog, 1 banana, 1 carrot
[21:49:04] Seen: 1 carrot, 1 banana, 1 hot dog
[21:49:05] Seen: 1 carrot, 1 banana
[21:49:06] Seen: 1 hot dog, 1 carrot
[21:49:07] Seen: 1 carrot, 1 hot dog
[21:49:08] Seen: 1 hot dog, 1 banana
[21:49:09] Seen: 1 hot dog, 1 banana, 1 orange
[21:49:11] Seen: 1 hot dog, 1 banana, 1 orange, 1 apple
[21:49:12] Seen: 1 hot dog, 1 banana, 1 orange, 1 apple
[21:49:13] Seen: 1 hot dog, 1 banana, 1 orange, 1 apple
[21:49:14] Seen: 1 hot dog, 1 banana, 1 orange
[21:49:15] Seen: 1 hot dog, 1 banana, 1 orange
[21:49:16] Seen: 1 hot dog, 1 banana, 1 orange
[21:49:17] Seen: 1 hot dog, 1 banana, 1 orange
[21:49:18] Seen: 1 hot dog, 1 banana, 1 orange
[21:49:20] Seen: 1 hot dog, 1 banana, 1 orange, 1 apple
[21:49:21] Seen: 1 hot dog, 1 banana, 1 orange, 1 apple
[21:49:22] Seen: 1 hot dog, 1 banana
[21:49:23] Seen: 1 hot dog, 1 banana, 1 orange
[21:49:24] Seen: 1 hot dog, 1 banana, 1 orange
[21:49:26] Seen: 1 hot dog, 1 banana, 1 orange
[21:49:27] Seen: 1 hot dog, 1 banana, 1 orange
[21:49:28] Seen: 1 hot dog, 1 banana, 1 orange
[21:49:29] Seen: 1 hot dog, 1 banana, 1 orange
[21:49:30] Seen: 1 hot dog, 1 banana, 1 orange
[21:49:31] Seen: 1 hot dog, 1 banana
[21:49:32] Seen: 1 hot dog, 1 banana
[21:49:34] Seen: 1 hot dog, 1 banana, 1 orange
[21:49:35] Seen: 1 hot dog, 1 banana, 1 orange
[21:49:36] Seen: 1 hot dog, 1 banana
[21:49:37] Seen: 1 hot dog, 1 banana
[21:49:38] Seen: 1 hot dog, 1 banana
[21:49:39] Seen: 1 hot dog, 1 banana
[21:49:40] Seen: 1 hot dog, 1 banana
[21:49:42] Seen: 1 hot dog, 1 banana
[21:49:43] Seen: 1 hot dog, 1 banana
[21:49:44] Seen: 1 hot dog, 1 banana, 1 orange
[21:49:45] Seen: 1 hot dog, 1 banana, 1 orange
[21:49:46] Seen: 1 hot dog, 1 banana, 1 orange
[21:49:47] Seen: 1 hot dog, 1 banana
[21:49:48] Seen: 1 hot dog, 1 banana
[21:49:49] Seen: 1 hot dog, 1 banana
[21:49:51] Seen: 1 hot dog, 1 banana, 1 orange
[21:49:52] Seen: 1 hot dog, 1 banana, 1 orange
[21:49:53] Seen: 1 hot dog, 1 banana, 1 orange
[21:49:54] Seen: 1 hot dog, 1 banana, 1 orange
[21:49:55] Seen: 1 hot dog, 1 banana, 1 orange
[21:49:56] Seen: 1 hot dog, 1 banana, 1 orange
[21:49:57] Seen: 1 hot dog, 1 banana, 1 orange
[21:49:59] Seen: 1 hot dog, 1 banana, 1 orange
[21:50:00] Seen: 1 hot dog, 1 banana
[21:50:01] Seen: 1 hot dog, 1 banana
[21:50:02] Seen: 1 hot dog, 1 banana
[21:50:03] Seen: 1 hot dog, 1 banana, 1 orange
[21:50:04] Seen: 1 hot dog, 1 banana, 1 orange
[21:50:06] Seen: 1 hot dog, 1 banana, 1 orange
[21:50:07] Seen: 1 hot dog, 1 banana, 1 orange
[21:50:08] Seen: 1 hot dog, 1 banana, 1 orange
[21:50:09] Seen: 1 hot dog, 1 banana, 1 orange
[21:50:10] Seen: 1 hot dog, 1 banana, 1 orange
[21:50:11] Seen: 1 hot dog, 1 banana, 1 orange
[21:50:12] Seen: 1 hot dog, 1 banana, 1 orange
[21:50:14] Seen: 1 hot dog, 1 banana, 1 orange
[21:50:15] Seen: 1 hot dog, 1 banana, 1 orange
[21:50:16] Seen: 1 hot dog, 1 banana, 1 orange
[21:50:17] Seen: 1 hot dog, 1 banana, 1 orange
[21:50:18] Seen: 1 hot dog, 1 banana, 1 orange
[21:50:19] Seen: 1 hot dog, 1 banana, 1 orange
[21:50:21] Seen: 1 hot dog, 1 banana
[21:50:22] Seen: 1 hot dog, 1 banana
[21:50:23] Seen: 1 carrot, 1 banana, 1 hot dog, 1 orange
[21:50:24] Seen: 1 carrot, 1 banana, 1 hot dog, 1 orange
[21:50:25] Seen: 1 carrot, 1 banana, 1 hot dog, 1 orange
[21:50:26] Seen: 1 carrot, 1 banana, 1 hot dog, 1 orange
[21:50:27] Seen: 1 carrot, 1 banana, 1 hot dog, 1 orange
[21:50:28] Seen: 1 carrot, 1 banana, 1 hot dog, 1 orange
[21:50:30] Seen: 1 carrot, 1 banana, 1 hot dog, 1 orange
[21:50:31] Seen: 1 carrot, 1 banana, 1 hot dog, 1 orange
[21:50:32] Seen: 1 carrot, 1 banana, 1 hot dog, 1 orange
[21:50:33] Seen: 1 carrot, 1 banana, 1 hot dog, 1 orange
[21:50:34] Seen: 1 carrot, 1 banana, 1 hot dog, 1 orange
[21:50:35] Seen: 1 carrot, 1 banana, 1 hot dog, 1 orange
[21:50:37] Seen: 1 carrot, 1 banana, 1 hot dog, 1 orange
[21:50:38] Seen: 1 carrot, 1 banana, 1 hot dog, 1 orange
[21:50:39] Seen: 1 carrot, 1 banana, 1 hot dog, 1 orange
[21:50:40] Seen: 1 carrot, 1 banana, 1 hot dog, 1 orange
[21:50:41] Seen: 1 carrot, 1 banana, 1 hot dog, 1 orange
[21:50:42] Seen: 1 carrot, 1 banana, 1 hot dog, 1 orange
[21:50:43] Seen: 1 carrot, 1 banana, 1 hot dog, 1 orange
[21:50:45] Seen: 1 carrot, 1 banana, 1 hot dog, 1 orange
[21:50:46] Seen: 1 carrot, 1 banana, 1 hot dog, 1 orange
[21:50:47] Seen: 1 carrot, 1 banana, 1 hot dog, 1 orange
[21:50:48] Seen: 1 carrot, 1 banana, 1 hot dog, 1 orange
[21:50:49] Seen: 1 carrot, 1 banana, 1 hot dog, 1 orange
[21:50:50] Seen: 1 carrot, 1 banana, 1 hot dog, 1 orange
[21:50:51] Seen: 1 carrot, 1 banana, 1 hot dog, 1 orange
[21:50:53] Seen: 1 carrot, 1 banana, 1 hot dog, 1 orange
[21:50:54] Seen: 1 carrot, 1 banana, 1 hot dog, 1 orange
[21:50:55] Seen: 1 carrot, 1 banana, 1 hot dog, 1 orange
[21:50:56] Seen: 1 carrot, 1 banana, 1 hot dog, 1 orange
[21:50:57] Seen: 1 carrot, 1 banana, 1 hot dog, 1 orange
[21:50:58] Seen: 1 carrot, 1 banana, 1 hot dog, 1 orange
[21:50:59] Seen: 1 carrot, 1 banana, 1 hot dog, 1 orange
[21:51:01] Seen: 1 carrot, 1 banana, 1 hot dog, 1 orange
[21:51:02] Seen: 1 carrot, 1 banana, 1 hot dog, 1 orange
[21:51:03] Seen: 2 carrot, 1 banana, 1 hot dog
[21:51:04] Seen: 1 hot dog, 1 banana
[21:51:05] Seen: 1 carrot, 2 banana, 1 hot dog
[21:51:06] Seen: 2 carrot, 1 banana, 1 hot dog
[21:51:07] Seen: 2 carrot, 1 banana, 1 hot dog
[21:51:08] Seen: 1 carrot, 2 banana, 1 hot dog, 1 orange
[21:51:10] Seen: 1 carrot, 2 banana, 1 hot dog, 1 orange
[21:51:11] Seen: 2 carrot, 1 banana, 1 hot dog, 1 orange
[21:51:12] Seen: 1 carrot, 1 banana, 1 hot dog, 1 orange
[21:51:13] Seen: 2 carrot, 2 banana, 1 hot dog, 1 orange
[21:51:14] Seen: 1 carrot, 1 banana, 1 hot dog, 1 orange
[21:51:15] Seen: 1 carrot, 2 banana, 1 hot dog, 1 orange
[21:51:17] Seen: 1 carrot, 2 banana, 1 hot dog, 1 orange
[21:51:18] Seen: 1 carrot, 2 banana, 1 hot dog, 1 orange
[21:51:19] Seen: 1 carrot, 2 banana, 1 hot dog, 1 orange
[21:51:20] Seen: 1 carrot, 1 banana, 1 hot dog, 1 orange
[21:51:21] Seen: 1 carrot, 2 banana, 1 hot dog, 1 orange
[21:51:22] Seen: 1 carrot, 2 banana, 1 hot dog, 1 orange
[21:51:23] Seen: 1 carrot, 2 banana, 1 hot dog, 1 orange
[21:51:25] Seen: 1 carrot, 1 banana, 1 hot dog
[21:51:26] Seen: 3 carrot, 1 banana, 1 hot dog
[21:51:27] Seen: 2 carrot, 1 banana, 1 hot dog
[21:51:28] Seen: 1 carrot, 1 banana, 1 hot dog, 1 orange
[21:51:29] Seen: 1 carrot, 1 banana, 1 hot dog, 1 orange
[21:51:30] Seen: 2 carrot, 1 banana, 1 hot dog
[21:51:31] Seen: 2 carrot, 1 banana, 1 hot dog
[21:51:32] Seen: 2 carrot, 1 banana, 1 hot dog, 1 orange
[21:51:34] Seen: 1 carrot, 1 banana, 1 hot dog, 1 orange
[21:51:35] Seen: 2 carrot, 1 banana, 1 hot dog, 1 orange
[21:51:36] Seen: 1 carrot, 1 banana, 1 hot dog, 1 orange
[21:51:37] Seen: 1 carrot, 1 banana, 1 hot dog, 1 orange
[21:51:38] Seen: 2 carrot, 1 banana, 1 hot dog, 1 orange
[21:51:39] Seen: 2 carrot, 1 banana, 1 hot dog, 1 orange
[21:51:41] Seen: 2 carrot, 1 banana, 1 hot dog, 1 orange
[21:51:42] Seen: 1 carrot, 1 banana, 1 hot dog, 1 orange
[21:51:43] Seen: 2 carrot, 1 banana, 1 hot dog, 1 orange
[21:51:44] Seen: 1 carrot, 1 banana, 1 hot dog, 1 orange
[21:51:45] Seen: 2 carrot, 1 banana, 1 hot dog, 1 orange
[21:51:46] Seen: 1 carrot, 1 banana, 1 hot dog, 1 orange
[21:51:47] Seen: 1 carrot, 1 banana, 1 hot dog, 1 orange
[21:51:49] Seen: 1 carrot, 1 banana, 1 hot dog, 1 orange
[21:51:50] Seen: 2 carrot, 1 banana, 1 hot dog, 1 orange
[21:51:51] Seen: 1 carrot, 1 banana, 1 hot dog, 1 orange
[21:51:52] Seen: 2 carrot, 1 banana, 1 hot dog, 1 orange
[21:51:53] Seen: 1 carrot, 1 banana, 1 hot dog, 1 orange
[21:51:54] Seen: 1 carrot, 1 banana, 1 hot dog, 1 orange
[21:51:55] Seen: 1 carrot, 1 banana, 1 hot dog, 1 orange
[21:51:56] Seen: 1 carrot, 1 banana, 1 hot dog, 1 orange
[21:51:58] Seen: 1 carrot, 1 banana, 1 hot dog, 1 orange
[21:51:59] Seen: 2 carrot, 1 banana, 1 hot dog, 1 orange
[21:52:00] Seen: 2 carrot, 1 banana, 1 hot dog, 1 orange
[21:52:01] Seen: 2 carrot, 1 banana, 1 hot dog, 1 orange
[21:52:02] Seen: 1 carrot, 1 banana, 1 hot dog, 1 orange
[21:52:03] Seen: 1 carrot, 1 banana, 1 hot dog, 1 orange
[21:52:04] Seen: 1 carrot, 1 banana, 1 hot dog, 1 orange
[21:52:05] Seen: 1 carrot, 1 banana, 1 hot dog, 1 orange
[21:52:07] Seen: 1 carrot, 1 banana, 1 hot dog, 1 orange
[21:52:08] Seen: 2 carrot, 1 banana, 1 hot dog, 1 orange
[21:52:09] Seen: 1 carrot, 1 banana, 1 hot dog, 1 orange
[21:52:10] Seen: 1 carrot, 1 banana, 1 hot dog, 1 orange
[21:52:11] Seen: 1 carrot, 1 banana, 1 hot dog, 1 orange
[21:52:12] Seen: 2 carrot, 1 banana, 1 hot dog, 1 orange
[21:52:13] Seen: 2 carrot, 1 banana, 1 hot dog, 1 orange
[21:52:14] Seen: 1 carrot, 1 banana, 1 hot dog, 1 orange
[21:52:16] Seen: 1 carrot, 1 banana, 1 hot dog, 1 orange
[21:52:17] Seen: 2 carrot, 1 banana, 1 hot dog, 1 orange
[21:52:18] Seen: 2 carrot, 1 banana, 1 hot dog, 1 orange
[21:52:19] Seen: 2 carrot, 1 banana, 1 hot dog, 1 orange
[21:52:20] Seen: 1 carrot, 1 banana, 1 hot dog, 1 orange
[21:52:21] Seen: 1 carrot, 1 banana, 1 hot dog, 1 orange
[21:52:22] Seen: 1 carrot, 1 banana, 1 hot dog, 1 orange
[21:52:23] Seen: 1 carrot, 1 banana, 1 hot dog, 1 orange
[21:52:25] Seen: 2 carrot, 1 banana, 1 hot dog
[21:52:26] Seen: 1 carrot, 1 banana, 1 hot dog, 1 orange
[21:52:27] Seen: 1 carrot, 1 banana, 1 hot dog, 1 orange
[21:52:28] Seen: 1 carrot, 1 banana, 1 hot dog, 1 orange
[21:52:29] Seen: 2 carrot, 1 banana, 1 hot dog, 1 orange
[21:52:30] Seen: 1 carrot, 1 banana, 1 hot dog, 1 orange
[21:52:31] Seen: 1 carrot, 1 banana, 1 hot dog, 1 orange
[21:52:32] Seen: 1 carrot, 1 banana, 1 hot dog, 1 orange
[21:52:33] Seen: 2 carrot, 1 banana, 1 hot dog, 1 orange
[21:52:35] Seen: 2 carrot, 1 banana, 1 hot dog, 1 orange
[21:52:36] Seen: 1 carrot, 1 banana, 1 hot dog, 1 orange
[21:52:37] Seen: 1 carrot, 1 banana, 1 hot dog, 1 orange
[21:52:38] Seen: 1 carrot, 1 banana, 1 hot dog, 1 orange
[21:52:39] Seen: 2 carrot, 1 banana, 1 hot dog, 1 orange
[21:52:40] Seen: 1 carrot, 1 banana, 1 hot dog, 1 orange
[21:52:41] Seen: 1 carrot, 1 banana, 1 hot dog, 1 orange
[21:52:42] Seen: 1 carrot, 1 banana, 1 hot dog, 1 orange
[21:52:44] Seen: 2 carrot, 1 banana, 1 hot dog, 1 orange
[21:52:45] Seen: 1 carrot, 1 banana, 1 hot dog, 1 orange
[21:52:46] Seen: 2 carrot, 1 banana, 1 hot dog, 1 orange
[21:52:47] Seen: 1 carrot, 1 banana, 1 hot dog, 1 orange
[21:52:48] Seen: 2 carrot, 1 banana, 1 hot dog, 1 orange
[21:52:49] Seen: 2 carrot, 1 banana, 1 hot dog, 1 orange
[21:52:50] Seen: 1 carrot, 1 banana, 1 hot dog, 1 orange
[21:52:51] Seen: 1 carrot, 1 banana, 1 hot dog, 1 orange
[21:52:52] Seen: 1 carrot, 1 banana, 1 hot dog, 1 orange
[21:52:54] Seen: 1 carrot, 1 banana, 1 hot dog, 1 orange
[21:52:55] Seen: 1 carrot, 1 banana, 1 hot dog, 1 orange
[21:52:56] Seen: 1 carrot, 1 banana, 1 hot dog, 1 orange
[21:52:57] Seen: 1 carrot, 1 banana, 1 hot dog, 1 orange
[21:52:58] Seen: 2 carrot, 1 banana, 1 hot dog, 1 orange
[21:52:59] Seen: 1 carrot, 1 banana, 1 hot dog, 1 orange
[21:53:01] Seen: 1 carrot, 1 banana, 1 hot dog, 1 orange
[21:53:02] Seen: 1 carrot, 1 banana, 1 hot dog
[21:53:03] Seen: 2 carrot, 1 banana, 1 hot dog, 1 orange
[21:53:04] Seen: 1 carrot, 1 banana, 1 hot dog, 1 orange
[21:53:05] Seen: 1 carrot, 1 banana, 1 hot dog, 1 orange
[21:53:06] Seen: 2 carrot, 1 banana, 1 hot dog, 1 orange
[21:53:07] Seen: 1 carrot, 1 banana, 1 hot dog, 1 orange
[21:53:08] Seen: 2 carrot, 1 banana, 1 hot dog, 1 orange
[21:53:10] Seen: 2 carrot, 1 banana, 1 hot dog, 1 orange
[21:53:11] Seen: 2 carrot, 1 banana, 1 hot dog, 1 orange
[21:53:12] Seen: 2 carrot, 1 banana, 1 hot dog
[21:53:13] Seen: 1 carrot, 1 banana, 1 hot dog, 1 orange
[21:53:14] Seen: 2 carrot, 1 banana, 1 hot dog, 1 orange
[21:53:15] Seen: 1 carrot, 1 banana, 1 hot dog, 1 orange
[21:53:17] Seen: 2 carrot, 1 banana, 1 hot dog, 1 orange
[21:53:18] Seen: 1 carrot, 1 banana, 1 hot dog, 1 orange
[21:53:19] Seen: 1 carrot, 1 banana, 1 hot dog, 1 orange
[21:53:20] Seen: 1 carrot, 1 banana, 1 hot dog, 1 orange
[21:53:21] Seen: 1 carrot, 1 banana, 1 hot dog, 1 orange
[21:53:22] Seen: 1 carrot, 1 banana, 1 hot dog, 1 orange
[21:53:24] Seen: 1 carrot, 1 banana, 1 hot dog, 1 orange
[21:53:25] Seen: 1 carrot, 1 banana, 1 hot dog, 1 orange
[21:53:26] Seen: 1 carrot, 1 banana, 1 hot dog, 1 orange
[21:53:27] Seen: 2 carrot, 1 banana, 1 hot dog, 1 orange
[21:53:28] Seen: 2 carrot, 1 banana, 1 hot dog, 1 orange
[21:53:29] Seen: 1 carrot, 1 banana, 1 hot dog, 1 orange
[21:53:31] Seen: 1 carrot, 1 banana, 1 hot dog, 1 orange
[21:53:32] Seen: 1 carrot, 1 banana, 1 hot dog, 1 orange
[21:53:33] Seen: 1 carrot, 1 banana, 1 hot dog, 1 orange
