--- Fridge Session Started: Sat Jan 17 19:31:25 2026 ---
[19:31:25] Seen: 1 carrot, 1 hot dog
[19:31:26] Seen: 1 carrot, 1 hot dog
[19:31:27] Seen: 1 carrot, 1 hot dog
[19:31:28] Seen: 1 carrot, 1 hot dog
[19:31:29] Seen: 1 carrot, 1 hot dog
[19:31:30] Seen: 1 carrot
[19:31:31] Seen: 1 carrot
[19:31:32] Seen: 1 carrot, 1 hot dog
[19:31:33] Seen: 1 carrot, 1 hot dog
[19:31:34] Seen: 1 carrot
[19:31:35] Seen: 1 carrot
[19:31:36] Seen: 1 carrot, 1 hot dog
[19:31:37] Seen: 1 carrot, 1 hot dog
[19:31:38] Seen: 1 carrot, 1 hot dog
[19:31:39] Seen: 1 carrot, 1 banana, 1 hot dog
[19:31:41] Seen: 1 carrot, 1 banana, 2 hot dog
[19:31:42] Seen: 1 carrot, 1 banana
[19:31:43] Seen: 1 carrot, 1 banana, 1 hot dog
[19:31:44] Seen: 1 carrot, 1 banana, 1 hot dog
[19:31:45] Seen: 1 carrot, 1 banana, 1 hot dog
[19:31:46] Seen: 1 carrot, 1 banana, 1 hot dog
[19:31:47] Seen: 1 carrot, 1 banana, 1 hot dog
[19:31:48] Seen: 1 carrot, 1 banana, 1 hot dog
[19:31:49] Seen: 1 carrot, 1 banana, 1 hot dog
[19:31:50] Seen: 1 carrot, 1 banana, 1 hot dog
[19:31:51] Seen: 1 carrot, 1 banana
[19:31:52] Scanning... (No specific food detected)
[19:31:53] Scanning... (No specific food detected)
[19:31:55] Seen: 2 carrot
[19:31:56] Seen: 1 carrot
[19:31:57] Seen: 1 carrot, 1 banana
[19:31:58] Seen: 1 carrot, 1 banana
[19:31:59] Seen: 1 carrot, 1 banana
[19:32:00] Seen: 1 carrot, 1 banana
[19:32:01] Seen: 1 carrot, 1 banana
[19:32:02] Seen: 2 carrot, 1 banana
[19:32:03] Seen: 1 carrot, 1 banana
[19:32:04] Seen: 2 carrot, 1 banana
[19:32:05] Seen: 2 carrot, 1 banana
[19:32:06] Seen: 2 carrot, 1 banana
[19:32:07] Seen: 2 carrot, 1 banana
[19:32:08] Seen: 1 carrot, 1 banana
[19:32:09] Seen: 1 carrot, 1 banana
[19:32:10] Seen: 1 carrot, 1 banana
[19:32:11] Seen: 1 carrot, 1 banana
[19:32:13] Seen: 1 carrot, 1 banana
[19:32:14] Seen: 1 carrot
[19:32:15] Seen: 1 carrot, 1 banana
[19:32:16] Seen: 1 carrot, 1 banana
[19:32:17] Scanning... (No specific food detected)
[19:32:18] Seen: 1 carrot, 1 banana
[19:32:19] Seen: 1 carrot, 1 banana
[19:32:20] Seen: 1 carrot, 1 banana
[19:32:21] Seen: 1 carrot, 1 banana
[19:32:22] Seen: 1 carrot, 1 banana
[19:32:23] Seen: 1 carrot, 1 banana
[19:32:24] Seen: 1 carrot, 1 banana
[19:32:25] Seen: 1 carrot, 1 banana
[19:32:26] Seen: 1 carrot, 1 banana
[19:32:27] Seen: 1 carrot, 1 banana
[19:32:29] Seen: 1 carrot
[19:32:30] Seen: 1 carrot
[19:32:31] Seen: 1 carrot
[19:32:32] Seen: 1 carrot
[19:32:33] Seen: 1 carrot
[19:32:34] Seen: 1 carrot, 1 banana
[19:32:35] Seen: 1 carrot, 1 banana
[19:32:36] Seen: 1 carrot, 1 banana
[19:32:37] Seen: 1 carrot, 1 banana
[19:32:38] Seen: 1 carrot, 1 banana
[19:32:39] Seen: 2 carrot, 1 banana
[19:32:40] Seen: 1 carrot, 1 banana
[19:32:41] Seen: 1 carrot, 1 banana
[19:32:42] Seen: 1 carrot, 1 banana
[19:32:44] Seen: 1 carrot, 1 banana
[19:32:45] Seen: 1 carrot, 1 banana
[19:32:46] Seen: 2 carrot, 1 banana
[19:32:47] Seen: 2 carrot, 1 banana
[19:32:48] Seen: 1 carrot, 1 banana
[19:32:49] Seen: 1 carrot
[19:32:50] Seen: 1 banana
[19:32:51] Scanning... (No specific food detected)
[19:32:52] Seen: 1 carrot
[19:32:53] Seen: 1 carrot
[19:32:54] Seen: 1 carrot, 1 banana
[19:32:55] Seen: 1 carrot, 1 banana
[19:32:57] Seen: 1 carrot, 1 banana
[19:32:58] Seen: 1 carrot, 1 banana
[19:32:59] Seen: 1 carrot, 1 banana
[19:33:00] Seen: 1 carrot, 1 banana
[19:33:01] Seen: 1 carrot, 1 banana
[19:33:02] Seen: 1 carrot, 1 banana
[19:33:03] Seen: 1 carrot, 1 banana
[19:33:04] Seen: 1 carrot, 1 banana
[19:33:05] Seen: 1 carrot, 1 banana
[19:33:06] Seen: 1 carrot, 1 banana
[19:33:07] Seen: 1 carrot, 1 banana
[19:33:09] Seen: 1 carrot, 1 banana
[19:33:10] Seen: 1 carrot, 1 banana
[19:33:11] Seen: 1 carrot, 1 banana
[19:33:12] Seen: 1 carrot, 1 banana
[19:33:13] Seen: 1 carrot, 1 banana
[19:33:14] Seen: 1 carrot, 1 banana
[19:33:15] Seen: 1 carrot, 1 banana
[19:33:16] Seen: 1 carrot, 1 banana
[19:33:17] Seen: 1 carrot, 1 banana
[19:33:18] Seen: 1 carrot, 1 banana
[19:33:19] Seen: 1 carrot, 1 banana
[19:33:20] Seen: 1 carrot, 1 banana
[19:33:21] Seen: 1 carrot, 1 banana
[19:33:22] Seen: 1 carrot, 1 banana
[19:33:24] Seen: 1 carrot, 1 banana
[19:33:25] Seen: 1 carrot, 1 banana
[19:33:26] Seen: 1 carrot, 1 banana
[19:33:27] Seen: 1 carrot, 1 banana
[19:33:28] Seen: 1 carrot, 1 banana
[19:33:29] Seen: 1 carrot, 1 banana
[19:33:30] Seen: 1 carrot, 1 banana
[19:33:31] Seen: 1 carrot
[19:33:32] Seen: 1 carrot
[19:33:33] Seen: 1 carrot
[19:33:34] Seen: 1 carrot
[19:33:36] Seen: 1 carrot, 1 banana
[19:33:37] Seen: 2 carrot, 1 banana, 1 orange
[19:33:38] Seen: 1 carrot, 1 banana, 1 orange
[19:33:39] Seen: 1 carrot, 1 banana
[19:33:40] Seen: 1 carrot, 1 banana
[19:33:41] Seen: 1 carrot, 1 banana, 1 orange
[19:33:42] Seen: 1 carrot, 1 banana
[19:33:43] Seen: 1 carrot, 1 banana
[19:33:44] Seen: 1 carrot, 1 banana, 1 orange
[19:33:45] Seen: 1 carrot, 1 banana
[19:33:46] Seen: 1 carrot, 1 banana
[19:33:47] Seen: 1 carrot, 1 banana
[19:33:48] Seen: 1 carrot, 1 banana
[19:33:49] Seen: 1 carrot, 1 banana
[19:33:51] Seen: 1 carrot, 1 banana
[19:33:52] Seen: 1 carrot, 1 banana
[19:33:53] Seen: 1 carrot, 1 banana
[19:33:54] Seen: 1 carrot, 1 banana
[19:33:55] Seen: 1 carrot, 1 banana
[19:33:56] Seen: 1 carrot, 1 banana
[19:33:57] Seen: 1 carrot, 1 banana
[19:33:58] Seen: 1 carrot, 1 banana
[19:33:59] Seen: 1 carrot, 1 banana
[19:34:00] Seen: 1 carrot, 1 banana
[19:34:01] Scanning... (No specific food detected)
[19:34:02] Seen: 1 carrot, 1 banana
[19:34:03] Seen: 1 carrot, 1 banana
[19:34:05] Seen: 1 carrot, 1 banana
[19:34:06] Seen: 1 carrot, 1 banana
[19:34:07] Seen: 1 broccoli, 1 carrot, 1 banana
[19:34:08] Seen: 1 carrot, 1 banana
[19:34:09] Seen: 1 carrot, 1 banana
[19:34:10] Seen: 1 carrot, 1 banana
[19:34:11] Seen: 1 carrot, 1 banana
[19:34:12] Seen: 1 carrot, 1 banana
[19:34:13] Seen: 1 carrot, 1 banana
[19:34:14] Seen: 1 carrot, 1 banana
[19:34:16] Seen: 1 carrot, 1 banana
[19:34:17] Seen: 1 carrot, 1 banana
[19:34:18] Seen: 1 carrot, 1 banana
[19:34:19] Seen: 1 carrot, 1 banana
[19:34:20] Seen: 1 carrot
[19:34:21] Seen: 1 carrot, 1 banana
[19:34:22] Seen: 1 carrot
[19:34:23] Seen: 1 carrot
[19:34:24] Seen: 1 carrot
[19:34:25] Seen: 1 sandwich, 1 carrot, 1 banana
[19:34:26] Seen: 1 sandwich, 1 carrot, 1 banana
[19:34:27] Seen: 1 sandwich, 1 carrot, 1 banana
[19:34:28] Seen: 1 sandwich, 1 carrot, 1 banana
[19:34:29] Seen: 1 sandwich, 1 carrot, 1 banana
[19:34:30] Seen: 1 sandwich, 1 carrot, 1 banana
[19:34:32] Seen: 1 sandwich, 1 carrot, 1 banana
[19:34:33] Seen: 1 sandwich, 1 carrot, 1 banana
[19:34:34] Seen: 1 sandwich, 1 carrot, 1 banana
[19:34:35] Seen: 1 sandwich, 1 carrot, 1 banana
[19:34:36] Seen: 1 sandwich, 1 carrot, 1 banana
[19:34:37] Seen: 1 sandwich, 1 carrot, 1 banana
[19:34:38] Seen: 1 sandwich, 1 carrot, 1 banana
[19:34:39] Seen: 1 sandwich, 1 carrot, 1 banana
[19:34:41] Seen: 1 sandwich, 1 carrot, 1 banana
[19:34:42] Seen: 1 sandwich, 1 carrot, 1 banana
[19:34:43] Seen: 1 sandwich, 1 carrot, 1 banana
[19:34:44] Seen: 1 sandwich, 1 carrot, 1 banana
[19:34:45] Seen: 1 sandwich, 1 carrot, 1 banana
[19:34:46] Seen: 1 sandwich, 1 carrot, 1 banana
[19:34:47] Seen: 1 sandwich, 1 carrot, 1 banana
[19:34:48] Seen: 1 sandwich, 1 carrot, 1 banana
[19:34:50] Seen: 1 sandwich, 1 carrot, 1 banana
[19:34:51] Seen: 1 sandwich, 1 carrot, 1 banana
[19:34:52] Seen: 1 sandwich, 1 carrot, 1 banana
[19:34:53] Seen: 1 sandwich, 1 carrot, 1 banana
[19:34:54] Seen: 1 sandwich, 1 carrot, 1 banana
[19:34:55] Seen: 1 sandwich, 1 carrot, 1 banana
[19:34:56] Seen: 1 sandwich, 1 carrot, 1 banana
[19:34:57] Seen: 1 sandwich, 1 carrot, 1 banana
[19:34:58] Seen: 1 sandwich, 1 carrot, 1 banana
[19:34:59] Seen: 1 sandwich, 1 carrot, 1 banana
[19:35:01] Seen: 1 sandwich, 1 carrot
[19:35:02] Seen: 1 sandwich, 1 carrot, 1 banana
[19:35:03] Seen: 2 sandwich, 1 carrot, 1 banana
[19:35:04] Seen: 2 sandwich, 1 carrot
[19:35:05] Seen: 1 banana
[19:35:06] Seen: 1 banana
[19:35:07] Seen: 1 sandwich, 1 carrot, 1 hot dog
[19:35:08] Seen: 1 sandwich, 1 carrot
[19:35:09] Seen: 1 sandwich, 1 carrot, 1 banana, 1 hot dog
[19:35:10] Seen: 1 sandwich, 1 carrot, 1 banana, 1 hot dog
[19:35:11] Seen: 1 sandwich, 1 carrot, 1 banana, 1 hot dog
[19:35:13] Seen: 1 sandwich, 1 carrot, 1 banana, 1 hot dog
[19:35:14] Seen: 1 sandwich, 1 carrot, 1 banana, 1 hot dog
[19:35:15] Seen: 1 sandwich, 1 carrot, 1 banana, 1 hot dog
[19:35:16] Seen: 1 sandwich, 1 carrot, 1 banana, 1 hot dog
[19:35:17] Seen: 1 sandwich, 1 carrot, 1 banana, 1 hot dog
[19:35:18] Seen: 1 sandwich, 1 carrot, 1 banana, 1 hot dog
[19:35:19] Seen: 1 sandwich, 1 carrot, 1 banana, 1 hot dog
[19:35:20] Seen: 1 sandwich, 1 carrot, 1 banana, 1 hot dog
[19:35:21] Seen: 1 sandwich, 1 carrot, 1 banana, 1 hot dog
[19:35:22] Seen: 1 sandwich, 1 carrot, 1 banana, 1 hot dog
[19:35:23] Seen: 1 sandwich, 1 carrot, 1 banana, 1 hot dog
[19:35:24] Seen: 1 sandwich, 1 carrot, 1 banana, 1 hot dog
[19:35:26] Seen: 1 sandwich, 1 carrot, 1 banana, 2 hot dog
[19:35:27] Seen: 1 sandwich, 1 carrot, 1 banana, 1 hot dog
[19:35:28] Seen: 1 sandwich, 1 carrot, 1 banana, 1 hot dog
[19:35:29] Seen: 1 sandwich, 1 carrot, 1 banana, 1 hot dog
[19:35:30] Seen: 1 sandwich, 2 carrot
[19:35:31] Seen: 1 sandwich, 1 carrot, 1 banana, 1 hot dog
[19:35:32] Seen: 1 sandwich, 1 carrot, 1 banana, 1 hot dog
[19:35:33] Seen: 1 sandwich, 1 carrot, 1 hot dog
[19:35:34] Seen: 1 sandwich, 1 carrot, 1 hot dog
[19:35:35] Seen: 1 sandwich, 1 carrot, 1 hot dog
[19:35:37] Seen: 1 sandwich, 1 carrot, 1 banana, 1 hot dog
[19:35:38] Seen: 1 sandwich, 1 carrot, 1 banana, 1 hot dog
[19:35:39] Seen: 1 sandwich, 1 carrot, 1 banana, 1 hot dog
[19:35:40] Seen: 1 sandwich, 1 carrot, 1 banana, 1 hot dog
[19:35:41] Seen: 1 sandwich, 1 carrot, 1 banana, 1 hot dog
[19:35:42] Seen: 1 sandwich, 1 carrot, 1 banana, 1 hot dog
[19:35:43] Seen: 1 sandwich, 1 carrot, 1 banana, 1 hot dog
[19:35:44] Seen: 1 sandwich, 2 carrot, 1 banana, 1 hot dog
[19:35:45] Seen: 1 sandwich, 1 carrot, 1 banana, 1 hot dog
[19:35:46] Seen: 1 sandwich, 2 carrot, 1 banana, 1 hot dog
[19:35:47] Seen: 1 sandwich, 1 carrot, 1 banana, 1 hot dog
[19:35:48] Seen: 1 sandwich, 2 carrot, 1 banana, 1 hot dog
[19:35:50] Seen: 1 sandwich, 2 carrot, 1 banana, 1 hot dog
[19:35:51] Seen: 1 sandwich, 2 carrot, 1 banana
[19:35:52] Seen: 1 sandwich, 2 carrot
[19:35:53] Seen: 1 sandwich, 1 carrot
[19:35:54] Seen: 3 sandwich, 1 carrot
[19:35:55] Seen: 1 carrot, 1 hot dog
[19:35:56] Seen: 1 sandwich, 2 carrot
[19:35:57] Seen: 1 carrot
[19:35:58] Seen: 1 sandwich, 2 carrot
[19:35:59] Seen: 1 sandwich, 1 hot dog
[19:36:00] Seen: 1 sandwich, 1 carrot
[19:36:02] Seen: 1 sandwich, 2 carrot
[19:36:03] Seen: 1 sandwich, 2 carrot
[19:36:04] Seen: 1 sandwich, 1 carrot
[19:36:05] Seen: 1 sandwich, 1 carrot
[19:36:06] Seen: 1 sandwich, 1 carrot, 1 hot dog
[19:36:07] Scanning... (No specific food detected)
[19:36:08] Scanning... (No specific food detected)
[19:36:09] Scanning... (No specific food detected)
[19:36:10] Seen: 1 hot dog
[19:36:11] Seen: 1 sandwich, 1 carrot, 1 hot dog
[19:36:12] Seen: 1 sandwich, 1 carrot, 1 hot dog
[19:36:13] Seen: 1 sandwich, 1 carrot, 1 bottle, 1 hot dog
[19:36:14] Seen: 1 sandwich, 1 carrot, 1 hot dog
[19:36:16] Seen: 1 sandwich, 1 carrot, 1 hot dog
[19:36:17] Seen: 1 sandwich, 1 carrot, 1 hot dog
[19:36:18] Seen: 1 sandwich, 1 carrot, 1 banana, 1 hot dog
[19:36:19] Seen: 1 sandwich, 1 carrot, 1 banana, 1 hot dog
[19:36:20] Seen: 1 sandwich, 1 carrot, 1 banana, 1 hot dog
[19:36:21] Seen: 1 sandwich, 1 carrot, 1 banana, 1 hot dog
[19:36:22] Seen: 1 sandwich, 1 carrot, 1 banana, 1 hot dog
[19:36:23] Seen: 1 sandwich, 1 carrot, 1 banana, 1 hot dog
[19:36:24] Seen: 1 sandwich, 1 carrot, 1 banana, 1 hot dog
[19:36:25] Seen: 1 sandwich, 1 carrot, 1 banana, 1 hot dog
[19:36:26] Seen: 1 sandwich, 1 carrot, 1 banana, 1 hot dog
[19:36:27] Seen: 1 sandwich, 1 carrot, 1 banana, 1 hot dog
[19:36:28] Seen: 1 sandwich, 1 carrot, 1 hot dog
[19:36:30] Seen: 1 sandwich, 1 carrot, 1 banana, 1 hot dog
[19:36:31] Seen: 1 sandwich, 1 carrot, 1 hot dog
[19:36:32] Seen: 1 sandwich, 1 carrot, 1 hot dog
[19:36:33] Seen: 1 sandwich, 1 carrot, 1 banana, 1 hot dog
[19:36:34] Seen: 1 sandwich, 1 carrot, 1 banana, 1 hot dog
[19:36:35] Seen: 1 sandwich, 1 carrot, 1 hot dog
[19:36:36] Seen: 1 sandwich, 1 carrot, 1 hot dog
[19:36:37] Seen: 1 sandwich, 1 carrot, 1 banana, 1 hot dog
[19:36:38] Seen: 1 sandwich, 1 carrot, 1 banana, 1 hot dog
[19:36:39] Seen: 1 sandwich, 1 carrot, 1 hot dog
[19:36:40] Seen: 1 sandwich, 1 carrot, 1 hot dog
[19:36:41] Seen: 1 sandwich, 1 carrot, 1 banana, 1 hot dog
[19:36:42] Seen: 1 sandwich, 1 carrot, 1 banana, 1 hot dog
[19:36:44] Seen: 1 sandwich, 1 carrot, 1 banana, 1 hot dog
[19:36:45] Seen: 1 sandwich, 1 carrot, 1 hot dog
[19:36:46] Seen: 1 sandwich, 1 carrot, 1 hot dog
[19:36:47] Seen: 1 sandwich, 1 carrot, 1 hot dog
[19:36:48] Seen: 1 sandwich, 1 hot dog
[19:36:49] Seen: 1 sandwich, 1 carrot, 1 hot dog
[19:36:50] Seen: 1 sandwich, 1 carrot, 1 hot dog
[19:36:51] Seen: 1 sandwich, 1 carrot
[19:36:52] Seen: 1 sandwich, 1 carrot, 1 hot dog
[19:36:53] Seen: 1 sandwich, 1 carrot
[19:36:54] Seen: 1 sandwich, 1 carrot, 1 hot dog
[19:36:55] Seen: 1 sandwich, 1 carrot, 1 hot dog
[19:36:57] Seen: 1 sandwich, 1 carrot, 1 banana, 1 hot dog
[19:36:58] Seen: 1 sandwich, 1 carrot, 1 banana, 1 hot dog
[19:36:59] Seen: 1 sandwich, 1 carrot, 1 banana, 1 hot dog
[19:37:00] Seen: 1 sandwich, 1 carrot, 1 banana, 1 hot dog
[19:37:01] Seen: 1 sandwich, 1 carrot, 1 banana, 1 hot dog
[19:37:02] Seen: 1 sandwich, 1 carrot, 1 banana, 1 hot dog
[19:37:03] Seen: 1 sandwich, 1 carrot, 1 hot dog
[19:37:04] Seen: 1 sandwich, 1 carrot, 1 banana, 1 hot dog
[19:37:05] Seen: 1 sandwich, 1 carrot, 1 banana, 1 hot dog
[19:37:06] Seen: 1 sandwich, 1 carrot, 1 banana, 1 hot dog
[19:37:08] Seen: 1 sandwich, 1 carrot, 1 hot dog
[19:37:09] Seen: 1 sandwich, 1 carrot, 1 banana, 1 hot dog
[19:37:10] Seen: 1 sandwich, 1 carrot, 1 banana, 1 hot dog
[19:37:11] Seen: 1 sandwich, 1 carrot, 1 banana, 1 hot dog
[19:37:12] Seen: 1 sandwich, 1 carrot, 1 banana, 1 hot dog
[19:37:13] Seen: 1 sandwich, 1 carrot, 1 banana, 1 hot dog
[19:37:14] Seen: 1 sandwich, 1 carrot, 1 banana, 1 hot dog
[19:37:15] Seen: 1 sandwich, 1 carrot, 1 banana, 1 hot dog
[19:37:16] Seen: 1 sandwich, 1 carrot, 1 hot dog
[19:37:17] Seen: 1 sandwich, 1 carrot, 1 hot dog
[19:37:18] Seen: 1 sandwich, 1 carrot
[19:37:19] Seen: 1 sandwich
[19:37:21] Seen: 1 sandwich, 1 carrot
[19:37:22] Seen: 2 carrot
[19:37:23] Seen: 1 sandwich, 1 carrot, 1 hot dog
[19:37:24] Seen: 1 sandwich, 1 carrot, 1 hot dog
[19:37:25] Seen: 1 sandwich, 1 carrot, 1 hot dog
[19:37:26] Seen: 1 sandwich, 1 carrot, 1 hot dog
[19:37:27] Seen: 1 sandwich, 1 carrot, 1 hot dog
[19:37:28] Seen: 1 sandwich, 1 carrot, 1 hot dog
[19:37:29] Seen: 1 sandwich, 1 carrot, 1 hot dog
[19:37:30] Seen: 1 sandwich, 1 carrot
[19:37:31] Seen: 2 carrot
[19:37:32] Seen: 1 sandwich, 2 carrot
[19:37:34] Scanning... (No specific food detected)
[19:37:35] Scanning... (No specific food detected)
[19:37:36] Seen: 1 sandwich, 1 carrot
[19:37:37] Scanning... (No specific food detected)
[19:37:38] Seen: 1 sandwich, 1 carrot
[19:37:39] Seen: 1 sandwich, 1 carrot, 1 hot dog
[19:37:40] Seen: 1 sandwich, 1 carrot, 1 hot dog
[19:37:41] Seen: 2 sandwich, 1 carrot
[19:37:42] Seen: 2 sandwich, 1 carrot
[19:37:44] Seen: 1 sandwich, 1 carrot, 1 hot dog
[19:37:45] Seen: 1 sandwich, 1 carrot, 1 banana, 1 hot dog
[19:37:46] Seen: 1 sandwich, 1 carrot, 1 hot dog
[19:37:47] Seen: 1 sandwich, 1 carrot, 1 hot dog
[19:37:48] Seen: 1 sandwich, 1 carrot, 1 hot dog
[19:37:49] Seen: 1 sandwich, 1 carrot, 1 hot dog
[19:37:50] Seen: 1 sandwich, 1 carrot, 1 hot dog
[19:37:51] Seen: 1 sandwich, 1 carrot, 1 hot dog
[19:37:52] Seen: 1 sandwich, 1 carrot, 1 hot dog
[19:37:53] Seen: 1 sandwich, 1 carrot, 1 hot dog
[19:37:54] Seen: 2 sandwich, 1 carrot
[19:37:55] Seen: 1 sandwich, 1 carrot
[19:37:57] Seen: 2 sandwich, 1 carrot, 1 hot dog
[19:37:58] Seen: 1 sandwich, 1 carrot, 1 banana
[19:37:59] Seen: 2 sandwich, 1 carrot, 1 banana, 1 hot dog
[19:38:00] Seen: 2 sandwich, 1 carrot, 1 hot dog
[19:38:01] Seen: 1 sandwich, 1 carrot, 1 banana, 1 hot dog
[19:38:02] Seen: 1 carrot, 1 banana, 1 hot dog
[19:38:03] Seen: 1 carrot, 1 banana, 1 hot dog
[19:38:04] Seen: 1 sandwich, 1 carrot, 1 banana, 1 hot dog
[19:38:05] Seen: 1 sandwich, 1 carrot, 1 banana, 2 hot dog
[19:38:06] Seen: 1 carrot, 1 banana, 1 hot dog
[19:38:07] Seen: 1 carrot, 1 banana, 1 hot dog
[19:38:09] Seen: 1 sandwich, 1 carrot, 1 banana, 1 hot dog
[19:38:10] Seen: 1 sandwich, 1 carrot, 1 banana, 2 hot dog
[19:38:11] Seen: 1 sandwich, 1 carrot, 1 banana, 1 hot dog
[19:38:12] Seen: 1 sandwich, 1 carrot, 1 banana, 1 hot dog
[19:38:13] Seen: 1 sandwich, 1 carrot, 1 banana, 1 hot dog
[19:38:14] Seen: 1 sandwich, 1 carrot, 1 banana, 2 hot dog
[19:38:15] Seen: 1 sandwich, 1 carrot, 1 banana, 1 hot dog
[19:38:16] Seen: 1 sandwich, 1 carrot, 1 banana, 1 hot dog
[19:38:17] Seen: 1 sandwich, 1 carrot, 1 banana, 1 hot dog
[19:38:18] Seen: 1 sandwich, 1 carrot, 1 banana, 1 hot dog
[19:38:19] Seen: 1 sandwich, 1 carrot, 1 banana, 1 hot dog
[19:38:20] Seen: 1 sandwich, 1 carrot, 1 banana, 1 hot dog
[19:38:22] Seen: 1 sandwich, 1 carrot, 1 banana, 1 hot dog
[19:38:23] Seen: 1 sandwich, 1 carrot, 1 banana, 2 hot dog
[19:38:24] Seen: 1 sandwich, 1 carrot, 1 banana, 1 hot dog
[19:38:25] Seen: 1 sandwich, 1 carrot, 1 banana, 1 hot dog
[19:38:26] Seen: 1 sandwich, 1 carrot, 1 banana, 1 hot dog
[19:38:27] Seen: 1 sandwich, 1 carrot, 1 banana, 1 hot dog
[19:38:28] Seen: 1 sandwich, 1 carrot, 1 banana, 1 hot dog
[19:38:29] Seen: 1 sandwich, 1 carrot, 1 banana, 1 hot dog
[19:38:30] Seen: 1 sandwich, 1 carrot, 1 banana, 1 hot dog
[19:38:31] Seen: 1 sandwich, 1 carrot, 1 banana, 1 hot dog
[19:38:32] Seen: 1 sandwich, 1 carrot, 1 banana, 1 hot dog
[19:38:33] Seen: 1 sandwich, 1 carrot, 1 banana, 1 hot dog
[19:38:35] Seen: 1 sandwich, 1 carrot, 1 banana, 1 hot dog
[19:38:36] Seen: 1 sandwich, 1 carrot, 1 banana, 1 hot dog
[19:38:37] Seen: 1 sandwich, 1 carrot, 1 banana, 1 hot dog
[19:38:38] Seen: 1 sandwich, 1 carrot, 1 banana, 1 hot dog
[19:38:39] Seen: 1 sandwich, 1 carrot, 1 banana, 1 hot dog
[19:38:40] Seen: 2 sandwich, 1 carrot, 1 banana
[19:38:41] Seen: 1 sandwich, 1 carrot, 1 banana
[19:38:42] Seen: 1 broccoli, 1 carrot, 1 banana, 1 hot dog
[19:38:43] Seen: 1 carrot, 1 banana, 1 broccoli, 1 sandwich, 1 hot dog
[19:38:44] Seen: 1 broccoli, 1 sandwich, 1 carrot
[19:38:45] Seen: 1 sandwich, 1 carrot, 1 hot dog
[19:38:47] Seen: 1 carrot, 1 banana, 1 hot dog
[19:38:48] Seen: 1 carrot, 1 banana, 1 sandwich, 1 hot dog, 1 orange
[19:38:49] Seen: 1 carrot, 1 banana, 1 sandwich, 1 hot dog, 1 orange
[19:38:50] Seen: 1 carrot, 1 banana, 1 broccoli, 1 sandwich, 1 hot dog
[19:38:51] Seen: 1 sandwich, 1 carrot, 1 orange, 1 hot dog
[19:38:52] Seen: 1 sandwich, 1 carrot, 1 orange, 1 hot dog
[19:38:53] Seen: 1 sandwich, 1 carrot, 1 hot dog
[19:38:55] Seen: 1 sandwich, 1 carrot, 1 banana, 1 hot dog
[19:38:56] Seen: 1 broccoli, 1 carrot, 1 banana, 1 hot dog
[19:38:57] Seen: 1 sandwich, 1 carrot, 1 orange, 1 hot dog
[19:38:58] Seen: 1 sandwich, 1 carrot, 1 orange, 1 hot dog
[19:38:59] Seen: 1 sandwich, 1 carrot, 1 hot dog
[19:39:00] Seen: 1 sandwich, 1 carrot, 1 banana, 1 hot dog
[19:39:01] Seen: 1 sandwich, 1 carrot, 2 hot dog
[19:39:02] Seen: 1 sandwich, 1 carrot, 1 banana, 1 hot dog
[19:39:03] Seen: 1 sandwich, 1 carrot, 1 banana, 1 hot dog
[19:39:05] Seen: 1 sandwich, 1 carrot, 1 hot dog
[19:39:06] Seen: 1 broccoli, 2 carrot
[19:39:07] Seen: 1 broccoli, 1 sandwich, 2 carrot
[19:39:08] Seen: 1 sandwich, 1 carrot, 1 banana
[19:39:09] Seen: 1 sandwich, 1 carrot
[19:39:10] Seen: 1 sandwich, 1 carrot, 1 hot dog
[19:39:11] Seen: 1 sandwich, 1 carrot, 1 hot dog
[19:39:12] Seen: 1 carrot, 1 banana, 1 sandwich, 1 hot dog, 1 orange
[19:39:13] Seen: 1 sandwich, 1 carrot, 1 banana, 1 hot dog
[19:39:14] Seen: 1 sandwich, 1 carrot, 1 banana, 1 hot dog
[19:39:15] Seen: 1 carrot, 1 banana, 1 sandwich, 1 hot dog, 1 orange
[19:39:17] Seen: 1 sandwich, 1 carrot, 1 hot dog
[19:39:18] Seen: 1 carrot, 1 banana, 1 sandwich, 1 hot dog, 1 orange
[19:39:19] Seen: 1 carrot, 1 banana, 1 sandwich, 1 hot dog, 1 orange
[19:39:20] Seen: 1 carrot, 1 banana, 1 sandwich, 1 hot dog, 1 orange
[19:39:21] Seen: 1 sandwich, 1 carrot, 1 orange, 1 hot dog
[19:39:22] Seen: 1 carrot, 1 banana, 1 sandwich, 1 hot dog, 1 orange
[19:39:23] Seen: 1 sandwich, 1 carrot, 1 orange, 1 hot dog
[19:39:24] Seen: 1 sandwich, 1 carrot, 1 hot dog
[19:39:25] Seen: 1 sandwich, 1 carrot, 1 orange, 1 hot dog
[19:39:26] Seen: 1 sandwich, 1 carrot, 1 orange, 1 hot dog
[19:39:27] Seen: 1 sandwich, 1 carrot, 1 hot dog
[19:39:28] Seen: 1 carrot, 1 banana, 1 sandwich, 1 hot dog, 1 orange
[19:39:30] Seen: 1 sandwich, 1 carrot, 2 hot dog
[19:39:31] Seen: 1 carrot, 1 banana, 1 sandwich, 1 hot dog, 1 orange
[19:39:32] Seen: 1 sandwich, 1 carrot, 1 hot dog
[19:39:33] Seen: 1 carrot, 1 banana, 1 sandwich, 1 hot dog, 1 orange
[19:39:34] Seen: 1 sandwich, 1 carrot
[19:39:35] Seen: 1 sandwich, 1 carrot, 1 banana, 1 hot dog
[19:39:36] Seen: 1 carrot, 1 banana
[19:39:37] Seen: 1 carrot, 1 banana
[19:39:38] Scanning... (No specific food detected)
[19:39:40] Scanning... (No specific food detected)
[19:39:41] Seen: 1 carrot, 1 banana
[19:39:42] Seen: 1 carrot
[19:39:43] Seen: 1 carrot, 1 banana
[19:39:44] Seen: 1 carrot, 1 banana
[19:39:45] Seen: 1 sandwich, 1 carrot, 1 banana, 2 hot dog
[19:39:46] Seen: 1 sandwich, 1 carrot, 1 banana, 2 hot dog
[19:39:47] Seen: 1 sandwich, 1 carrot, 1 banana, 2 hot dog
[19:39:48] Seen: 1 sandwich, 1 carrot, 1 banana, 1 hot dog
[19:39:49] Seen: 1 sandwich, 1 carrot, 1 banana, 3 hot dog
[19:39:51] Seen: 1 sandwich, 1 carrot, 1 banana, 3 hot dog
[19:39:52] Seen: 1 sandwich, 1 carrot, 1 banana, 2 hot dog
[19:39:53] Seen: 1 sandwich, 1 carrot, 1 banana, 3 hot dog
[19:39:54] Seen: 1 sandwich, 1 carrot, 1 banana, 3 hot dog
[19:39:55] Seen: 1 sandwich, 1 carrot, 1 banana, 1 hot dog
[19:39:56] Seen: 1 sandwich, 1 carrot, 1 banana, 2 hot dog
[19:39:57] Seen: 1 sandwich, 1 carrot, 1 banana, 1 hot dog
[19:39:58] Seen: 1 sandwich, 1 carrot, 1 banana, 2 hot dog
[19:39:59] Seen: 1 carrot, 1 banana, 3 hot dog
[19:40:01] Seen: 1 sandwich, 1 carrot, 1 banana, 3 hot dog
[19:40:02] Seen: 1 carrot, 1 banana, 1 hot dog
[19:40:03] Seen: 1 carrot, 1 banana
[19:40:04] Scanning... (No specific food detected)
[19:40:05] Seen: 1 hot dog
[19:40:06] Scanning... (No specific food detected)
[19:40:07] Seen: 1 carrot, 1 banana
[19:40:08] Seen: 1 bottle, 1 carrot
[19:40:09] Seen: 1 bottle, 1 carrot
[19:40:10] Seen: 1 bottle
[19:40:12] Seen: 1 bottle
[19:40:13] Seen: 1 sandwich, 2 carrot
[19:40:14] Seen: 2 carrot, 1 hot dog
[19:40:15] Seen: 2 carrot
[19:40:16] Seen: 1 sandwich, 1 carrot, 1 banana, 1 hot dog
[19:40:17] Seen: 1 carrot, 1 banana, 1 hot dog
[19:40:18] Seen: 1 sandwich, 1 carrot, 1 banana
[19:40:19] Seen: 1 sandwich, 1 carrot, 1 banana, 2 hot dog
[19:40:20] Seen: 1 sandwich, 1 carrot, 1 banana, 2 hot dog
[19:40:21] Seen: 1 sandwich, 2 carrot, 1 banana, 1 hot dog
[19:40:22] Seen: 1 carrot, 1 banana, 1 hot dog
[19:40:24] Seen: 1 sandwich, 1 carrot, 1 banana, 1 hot dog
[19:40:25] Seen: 1 carrot, 1 banana, 1 hot dog
[19:40:26] Seen: 1 sandwich, 1 carrot, 1 banana, 2 hot dog
[19:40:27] Seen: 1 sandwich, 1 banana, 2 hot dog
[19:40:28] Seen: 1 sandwich, 1 carrot, 1 banana, 2 hot dog
[19:40:29] Seen: 1 sandwich, 2 carrot
[19:40:30] Seen: 1 sandwich, 2 carrot
[19:40:31] Seen: 1 sandwich, 1 carrot
[19:40:32] Seen: 1 sandwich, 3 carrot
[19:40:34] Seen: 2 carrot
[19:40:35] Seen: 1 sandwich, 2 carrot
[19:40:36] Seen: 2 carrot
[19:40:37] Seen: 2 carrot
[19:40:38] Seen: 2 carrot
[19:40:39] Seen: 1 sandwich, 3 carrot
[19:40:40] Seen: 2 carrot
[19:40:41] Seen: 1 sandwich, 2 carrot
[19:40:42] Seen: 1 sandwich, 2 carrot
[19:40:43] Seen: 1 sandwich, 1 carrot
[19:40:44] Seen: 1 sandwich, 2 carrot
[19:40:45] Seen: 1 sandwich, 2 carrot
[19:40:46] Seen: 2 carrot
[19:40:47] Seen: 2 carrot
[19:40:49] Seen: 1 sandwich, 2 carrot
[19:40:50] Seen: 2 carrot
[19:40:51] Seen: 1 sandwich, 2 carrot
[19:40:52] Seen: 1 sandwich, 2 carrot
[19:40:53] Seen: 1 sandwich, 2 carrot
[19:40:54] Seen: 1 sandwich, 2 carrot
[19:40:55] Seen: 1 carrot
[19:40:56] Seen: 1 carrot
[19:40:57] Seen: 2 carrot
[19:40:59] Seen: 1 sandwich, 2 carrot
[19:41:00] Seen: 2 carrot
[19:41:01] Scanning... (No specific food detected)
[19:41:02] Seen: 2 carrot
[19:41:03] Seen: 1 sandwich, 2 carrot
[19:41:04] Seen: 1 sandwich, 2 carrot
[19:41:05] Seen: 1 sandwich, 2 carrot
[19:41:06] Seen: 2 carrot
[19:41:07] Seen: 1 sandwich, 2 carrot
[19:41:08] Seen: 1 sandwich, 2 carrot
[19:41:09] Seen: 1 sandwich, 2 carrot
[19:41:11] Seen: 3 carrot
[19:41:12] Seen: 1 sandwich, 3 carrot
[19:41:13] Seen: 2 carrot, 1 banana
[19:41:14] Seen: 2 carrot
[19:41:15] Seen: 2 carrot
[19:41:16] Seen: 2 carrot
[19:41:17] Seen: 1 sandwich, 2 carrot, 1 banana, 1 hot dog
[19:41:18] Seen: 1 sandwich, 2 carrot
[19:41:20] Seen: 2 carrot
[19:41:21] Seen: 2 carrot
[19:41:22] Seen: 2 carrot
[19:41:23] Seen: 2 carrot
[19:41:24] Seen: 2 carrot
[19:41:25] Seen: 1 bottle, 1 carrot, 1 hot dog
[19:41:26] Seen: 1 carrot
[19:41:27] Seen: 2 carrot
[19:41:28] Seen: 2 carrot, 1 hot dog
[19:41:29] Seen: 2 carrot
[19:41:30] Seen: 1 carrot, 2 hot dog
[19:41:31] Seen: 1 sandwich, 1 carrot, 1 hot dog
[19:41:33] Seen: 1 sandwich, 2 carrot, 1 hot dog
[19:41:34] Seen: 1 carrot
[19:41:35] Seen: 1 sandwich, 2 carrot
[19:41:36] Seen: 1 sandwich, 1 carrot, 1 hot dog
[19:41:37] Seen: 1 sandwich, 1 carrot, 1 banana, 1 hot dog
[19:41:38] Seen: 1 sandwich, 1 carrot, 1 banana, 1 hot dog
[19:41:39] Seen: 1 sandwich, 1 carrot, 1 banana, 2 hot dog
[19:41:40] Seen: 1 carrot, 1 banana, 2 hot dog
[19:41:41] Seen: 1 carrot, 1 banana, 2 hot dog
[19:41:43] Seen: 1 carrot, 1 banana, 2 hot dog
[19:41:44] Seen: 1 carrot, 1 banana, 2 hot dog
[19:41:45] Seen: 1 carrot, 1 banana, 2 hot dog
[19:41:46] Seen: 1 sandwich, 1 carrot, 1 banana, 2 hot dog
[19:41:47] Seen: 1 carrot, 1 banana, 2 hot dog
[19:41:48] Seen: 1 sandwich, 1 carrot, 1 banana, 2 hot dog
[19:41:49] Seen: 1 sandwich, 1 carrot, 1 banana, 2 hot dog
[19:41:50] Seen: 1 sandwich, 1 carrot, 1 banana, 2 hot dog
[19:41:51] Seen: 1 sandwich, 1 carrot, 1 banana, 1 hot dog
[19:41:52] Seen: 1 sandwich, 2 carrot, 1 banana
[19:41:54] Seen: 2 carrot
[19:41:55] Seen: 1 carrot
[19:41:56] Seen: 1 sandwich, 2 carrot, 1 banana
[19:41:57] Seen: 2 carrot
[19:41:58] Seen: 2 carrot
[19:41:59] Seen: 1 sandwich, 2 carrot
[19:42:00] Seen: 2 carrot, 2 hot dog
[19:42:01] Scanning... (No specific food detected)
[19:42:02] Seen: 1 carrot
[19:42:03] Scanning... (No specific food detected)
[19:42:04] Scanning... (No specific food detected)
[19:42:05] Seen: 1 carrot
[19:42:06] Seen: 1 carrot, 1 hot dog
[19:42:08] Seen: 2 carrot, 1 banana
[19:42:09] Seen: 2 carrot, 1 banana
[19:42:10] Seen: 1 carrot, 1 banana, 1 orange, 1 hot dog
[19:42:11] Seen: 1 carrot, 1 banana
[19:42:12] Seen: 1 carrot, 1 banana, 1 hot dog
[19:42:13] Seen: 1 carrot, 1 banana, 1 hot dog
[19:42:14] Seen: 1 carrot, 1 banana
[19:42:15] Seen: 2 carrot, 1 banana
[19:42:16] Seen: 2 carrot
[19:42:17] Seen: 1 carrot, 1 banana, 1 hot dog
[19:42:18] Seen: 2 carrot
[19:42:19] Seen: 1 carrot, 1 banana
[19:42:21] Seen: 1 carrot, 1 hot dog
[19:42:22] Seen: 1 carrot, 1 orange, 1 hot dog
[19:42:23] Seen: 1 carrot, 1 banana, 1 orange, 1 hot dog
[19:42:24] Seen: 1 carrot, 1 banana, 1 orange, 1 hot dog
[19:42:25] Seen: 1 carrot, 1 banana, 1 orange, 1 hot dog
[19:42:26] Seen: 1 carrot, 1 banana, 1 orange, 1 hot dog
[19:42:27] Seen: 1 carrot, 1 orange, 1 hot dog
[19:42:28] Seen: 1 carrot, 1 banana, 1 orange, 1 hot dog
[19:42:29] Seen: 1 carrot, 1 orange, 1 hot dog
[19:42:30] Seen: 1 carrot, 1 orange, 1 hot dog
[19:42:31] Seen: 1 carrot, 1 hot dog
[19:42:32] Seen: 2 carrot, 1 banana
[19:42:34] Seen: 2 carrot
[19:42:35] Seen: 1 carrot, 1 hot dog
[19:42:36] Seen: 1 carrot, 1 hot dog
[19:42:37] Seen: 1 carrot, 1 hot dog
[19:42:38] Seen: 1 sandwich, 1 carrot
[19:42:39] Seen: 1 carrot, 1 hot dog
[19:42:40] Seen: 1 sandwich, 2 carrot, 1 banana
[19:42:41] Seen: 1 sandwich, 2 carrot
[19:42:43] Seen: 2 carrot
[19:42:44] Seen: 3 carrot, 1 banana
[19:42:45] Seen: 2 carrot
[19:42:46] Seen: 2 carrot
[19:42:47] Seen: 2 carrot, 1 banana
[19:42:48] Seen: 2 carrot
[19:42:49] Seen: 2 carrot, 1 banana
[19:42:50] Seen: 2 carrot
[19:42:51] Scanning... (No specific food detected)
[19:42:52] Seen: 1 carrot, 1 hot dog
[19:42:54] Seen: 1 carrot, 1 hot dog
[19:42:55] Seen: 2 carrot, 1 banana
[19:42:56] Seen: 2 carrot, 1 banana
[19:42:57] Seen: 2 carrot, 1 banana
[19:42:58] Seen: 2 carrot, 1 banana, 1 hot dog
[19:42:59] Seen: 2 carrot, 1 banana
[19:43:00] Seen: 2 carrot, 1 banana
[19:43:01] Seen: 2 carrot, 1 banana
[19:43:02] Seen: 2 carrot, 1 banana
[19:43:03] Seen: 2 carrot, 1 banana
[19:43:04] Seen: 2 carrot, 1 banana
[19:43:05] Seen: 2 carrot, 1 banana
[19:43:07] Seen: 1 carrot, 1 hot dog
[19:43:08] Seen: 1 carrot, 1 banana
[19:43:09] Seen: 1 carrot
[19:43:10] Scanning... (No specific food detected)
[19:43:11] Seen: 1 carrot, 1 banana
[19:43:12] Seen: 1 carrot
[19:43:13] Seen: 1 carrot
[19:43:14] Scanning... (No specific food detected)
[19:43:15] Seen: 1 carrot
[19:43:16] Seen: 1 carrot
[19:43:17] Seen: 1 carrot, 1 banana
[19:43:18] Seen: 2 carrot, 1 banana
[19:43:20] Seen: 2 carrot, 1 banana
[19:43:21] Seen: 1 carrot, 1 banana
[19:43:22] Seen: 1 carrot, 1 banana
[19:43:23] Seen: 2 carrot, 1 banana
[19:43:24] Seen: 2 carrot, 1 banana
[19:43:25] Seen: 1 carrot, 1 banana
[19:43:26] Seen: 1 carrot
[19:43:27] Scanning... (No specific food detected)
[19:43:28] Seen: 1 carrot
[19:43:29] Seen: 1 carrot, 1 banana
[19:43:30] Seen: 1 carrot, 1 banana
[19:43:32] Seen: 1 carrot, 1 banana
[19:43:33] Seen: 1 carrot, 1 banana
[19:43:34] Seen: 1 carrot, 1 banana
[19:43:35] Seen: 1 carrot, 1 banana
[19:43:36] Seen: 1 carrot, 1 banana
[19:43:37] Seen: 1 carrot, 1 banana
[19:43:38] Seen: 1 carrot, 1 banana
[19:43:39] Seen: 1 carrot
[19:43:40] Seen: 1 carrot
[19:43:41] Scanning... (No specific food detected)
[19:43:43] Scanning... (No specific food detected)
[19:43:44] Scanning... (No specific food detected)
[19:43:45] Scanning... (No specific food detected)
[19:43:46] Scanning... (No specific food detected)
[19:43:47] Seen: 1 orange
[19:43:48] Seen: 1 orange
[19:43:49] Seen: 1 orange
[19:43:50] Seen: 1 orange
[19:43:51] Seen: 1 orange
[19:43:52] Seen: 1 orange
[19:43:53] Seen: 1 orange
[19:43:54] Scanning... (No specific food detected)
[19:43:55] Seen: 1 orange
[19:43:56] Seen: 1 orange
[19:43:57] Seen: 1 orange
[19:43:58] Seen: 1 orange
[19:44:00] Seen: 1 orange
[19:44:01] Seen: 1 orange
[19:44:02] Seen: 1 orange
[19:44:03] Seen: 1 orange
[19:44:04] Seen: 1 orange
[19:44:05] Scanning... (No specific food detected)
[19:44:06] Seen: 1 orange
[19:44:07] Scanning... (No specific food detected)
[19:44:08] Scanning... (No specific food detected)
[19:44:09] Scanning... (No specific food detected)
[19:44:10] Scanning... (No specific food detected)
[19:44:12] Scanning... (No specific food detected)
[19:44:13] Scanning... (No specific food detected)
[19:44:14] Scanning... (No specific food detected)
[19:44:15] Scanning... (No specific food detected)
[19:44:16] Scanning... (No specific food detected)
[19:44:17] Scanning... (No specific food detected)
[19:44:18] Scanning... (No specific food detected)
[19:44:19] Scanning... (No specific food detected)
[19:44:20] Scanning... (No specific food detected)
[19:44:22] Scanning... (No specific food detected)
[19:44:23] Scanning... (No specific food detected)
[19:44:24] Scanning... (No specific food detected)
[19:44:25] Scanning... (No specific food detected)
[19:44:26] Scanning... (No specific food detected)
[19:44:27] Scanning... (No specific food detected)
[19:44:29] Scanning... (No specific food detected)
[19:44:30] Seen: 1 banana
[19:44:31] Seen: 1 banana
[19:44:32] Seen: 1 banana
[19:44:33] Seen: 1 banana
[19:44:34] Seen: 1 banana
[19:44:35] Scanning... (No specific food detected)
[19:44:36] Scanning... (No specific food detected)
[19:44:37] Scanning... (No specific food detected)
[19:44:38] Scanning... (No specific food detected)
[19:44:39] Scanning... (No specific food detected)
[19:44:41] Seen: 1 orange
[19:44:42] Seen: 1 orange
[19:44:43] Scanning... (No specific food detected)
[19:44:44] Scanning... (No specific food detected)
[19:44:45] Scanning... (No specific food detected)
[19:44:46] Seen: 1 orange
[19:44:47] Seen: 1 orange
[19:44:48] Scanning... (No specific food detected)
[19:44:50] Scanning... (No specific food detected)
[19:44:51] Scanning... (No specific food detected)
[19:44:52] Scanning... (No specific food detected)
[19:44:53] Scanning... (No specific food detected)
[19:44:54] Scanning... (No specific food detected)
[19:44:55] Scanning... (No specific food detected)
[19:44:56] Scanning... (No specific food detected)
[19:44:57] Scanning... (No specific food detected)
[19:44:58] Scanning... (No specific food detected)
[19:44:59] Scanning... (No specific food detected)
[19:45:00] Scanning... (No specific food detected)
[19:45:02] Scanning... (No specific food detected)
[19:45:03] Scanning... (No specific food detected)
[19:45:04] Scanning... (No specific food detected)
[19:45:05] Scanning... (No specific food detected)
[19:45:06] Scanning... (No specific food detected)
[19:45:07] Scanning... (No specific food detected)
[19:45:08] Scanning... (No specific food detected)
[19:45:09] Scanning... (No specific food detected)
[19:45:10] Scanning... (No specific food detected)
[19:45:11] Scanning... (No specific food detected)
[19:45:12] Scanning... (No specific food detected)
[19:45:13] Scanning... (No specific food detected)
[19:45:15] Scanning... (No specific food detected)
[19:45:16] Scanning... (No specific food detected)
[19:45:17] Scanning... (No specific food detected)
[19:45:18] Scanning... (No specific food detected)
[19:45:19] Scanning... (No specific food detected)
[19:45:20] Seen: 1 orange
[19:45:21] Scanning... (No specific food detected)
[19:45:22] Scanning... (No specific food detected)
[19:45:23] Scanning... (No specific food detected)
[19:45:24] Scanning... (No specific food detected)
[19:45:25] Scanning... (No specific food detected)
[19:45:26] Scanning... (No specific food detected)
[19:45:27] Scanning... (No specific food detected)
[19:45:28] Scanning... (No specific food detected)
[19:45:29] Scanning... (No specific food detected)
[19:45:30] Scanning... (No specific food detected)
[19:45:31] Scanning... (No specific food detected)
[19:45:33] Scanning... (No specific food detected)
[19:45:34] Scanning... (No specific food detected)
[19:45:35] Scanning... (No specific food detected)
[19:45:36] Scanning... (No specific food detected)
[19:45:37] Scanning... (No specific food detected)
[19:45:38] Scanning... (No specific food detected)
[19:45:39] Scanning... (No specific food detected)
[19:45:40] Scanning... (No specific food detected)
[19:45:41] Scanning... (No specific food detected)
[19:45:42] Scanning... (No specific food detected)
[19:45:43] Scanning... (No specific food detected)
[19:45:44] Seen: 1 carrot
[19:45:45] Seen: 1 carrot
[19:45:46] Seen: 1 orange
[19:45:47] Seen: 1 orange
[19:45:49] Scanning... (No specific food detected)
[19:45:50] Seen: 1 carrot
[19:45:51] Seen: 1 carrot
[19:45:52] Seen: 1 orange
[19:45:53] Scanning... (No specific food detected)
[19:45:54] Scanning... (No specific food detected)
[19:45:55] Scanning... (No specific food detected)
[19:45:56] Scanning... (No specific food detected)
[19:45:57] Scanning... (No specific food detected)
[19:45:58] Scanning... (No specific food detected)
[19:45:59] Scanning... (No specific food detected)
[19:46:01] Scanning... (No specific food detected)
[19:46:02] Scanning... (No specific food detected)
[19:46:03] Scanning... (No specific food detected)
[19:46:04] Scanning... (No specific food detected)
[19:46:05] Scanning... (No specific food detected)
[19:46:06] Scanning... (No specific food detected)
[19:46:07] Scanning... (No specific food detected)
[19:46:08] Scanning... (No specific food detected)
[19:46:09] Scanning... (No specific food detected)
[19:46:10] Scanning... (No specific food detected)
[19:46:11] Scanning... (No specific food detected)
[19:46:12] Scanning... (No specific food detected)
[19:46:13] Scanning... (No specific food detected)
[19:46:15] Scanning... (No specific food detected)
[19:46:16] Scanning... (No specific food detected)
[19:46:17] Scanning... (No specific food detected)
[19:46:18] Scanning... (No specific food detected)
[19:46:19] Scanning... (No specific food detected)
[19:46:20] Scanning... (No specific food detected)
[19:46:21] Scanning... (No specific food detected)
[19:46:22] Scanning... (No specific food detected)
[19:46:23] Scanning... (No specific food detected)
[19:46:24] Scanning... (No specific food detected)
[19:46:25] Scanning... (No specific food detected)
[19:46:26] Scanning... (No specific food detected)
[19:46:27] Scanning... (No specific food detected)
[19:46:29] Scanning... (No specific food detected)
[19:46:30] Scanning... (No specific food detected)
[19:46:31] Scanning... (No specific food detected)
[19:46:32] Scanning... (No specific food detected)
[19:46:33] Scanning... (No specific food detected)
[19:46:34] Scanning... (No specific food detected)
[19:46:35] Scanning... (No specific food detected)
[19:46:36] Scanning... (No specific food detected)
[19:46:37] Scanning... (No specific food detected)
[19:46:38] Scanning... (No specific food detected)
[19:46:39] Scanning... (No specific food detected)
[19:46:40] Scanning... (No specific food detected)
[19:46:42] Scanning... (No specific food detected)
[19:46:43] Scanning... (No specific food detected)
[19:46:44] Scanning... (No specific food detected)
[19:46:45] Scanning... (No specific food detected)
[19:46:46] Scanning... (No specific food detected)
[19:46:47] Scanning... (No specific food detected)
[19:46:48] Scanning... (No specific food detected)
[19:46:49] Scanning... (No specific food detected)
[19:46:50] Scanning... (No specific food detected)
[19:46:51] Scanning... (No specific food detected)
[19:46:52] Scanning... (No specific food detected)
[19:46:53] Scanning... (No specific food detected)
[19:46:54] Scanning... (No specific food detected)
[19:46:55] Scanning... (No specific food detected)
[19:46:56] Scanning... (No specific food detected)
[19:46:57] Scanning... (No specific food detected)
[19:46:59] Scanning... (No specific food detected)
[19:47:00] Scanning... (No specific food detected)
[19:47:01] Scanning... (No specific food detected)
[19:47:02] Scanning... (No specific food detected)
[19:47:03] Scanning... (No specific food detected)
[19:47:04] Scanning... (No specific food detected)
[19:47:05] Scanning... (No specific food detected)
[19:47:06] Scanning... (No specific food detected)
[19:47:07] Scanning... (No specific food detected)
[19:47:08] Scanning... (No specific food detected)
[19:47:09] Scanning... (No specific food detected)
[19:47:10] Scanning... (No specific food detected)
[19:47:11] Scanning... (No specific food detected)
[19:47:13] Scanning... (No specific food detected)
[19:47:14] Scanning... (No specific food detected)
[19:47:15] Scanning... (No specific food detected)
[19:47:16] Scanning... (No specific food detected)
[19:47:17] Scanning... (No specific food detected)
[19:47:18] Scanning... (No specific food detected)
[19:47:19] Scanning... (No specific food detected)
[19:47:20] Scanning... (No specific food detected)
[19:47:21] Scanning... (No specific food detected)
[19:47:22] Scanning... (No specific food detected)
[19:47:24] Scanning... (No specific food detected)
[19:47:25] Scanning... (No specific food detected)
[19:47:26] Scanning... (No specific food detected)
[19:47:27] Scanning... (No specific food detected)
[19:47:28] Scanning... (No specific food detected)
[19:47:29] Scanning... (No specific food detected)
[19:47:30] Scanning... (No specific food detected)
[19:47:31] Scanning... (No specific food detected)
[19:47:32] Scanning... (No specific food detected)
[19:47:33] Scanning... (No specific food detected)
[19:47:34] Seen: 1 carrot, 1 banana
[19:47:35] Scanning... (No specific food detected)
[19:47:36] Seen: 1 carrot, 1 banana
[19:47:37] Seen: 1 carrot, 1 banana
[19:47:39] Seen: 1 carrot, 1 banana
[19:47:40] Seen: 1 carrot
[19:47:41] Seen: 1 carrot, 1 banana
[19:47:42] Seen: 1 carrot, 1 banana
[19:47:43] Seen: 1 carrot, 1 banana
[19:47:44] Seen: 1 carrot, 1 banana
[19:47:45] Seen: 1 carrot, 1 banana
[19:47:46] Seen: 1 carrot, 1 banana
[19:47:47] Seen: 1 carrot, 1 banana
[19:47:48] Seen: 1 carrot, 1 banana
[19:47:49] Seen: 1 carrot, 1 banana
[19:47:50] Seen: 1 banana
[19:47:51] Seen: 1 carrot, 1 banana
[19:47:53] Seen: 1 carrot, 1 banana
[19:47:54] Seen: 1 banana
[19:47:55] Seen: 1 banana
[19:47:56] Seen: 1 carrot, 1 banana
[19:47:57] Seen: 1 carrot, 1 banana
[19:47:58] Seen: 1 banana
[19:47:59] Seen: 1 carrot, 1 banana
[19:48:00] Seen: 1 carrot, 1 banana
[19:48:01] Scanning... (No specific food detected)
[19:48:02] Scanning... (No specific food detected)
[19:48:03] Scanning... (No specific food detected)
[19:48:05] Scanning... (No specific food detected)
[19:48:06] Scanning... (No specific food detected)
[19:48:07] Scanning... (No specific food detected)
[19:48:08] Scanning... (No specific food detected)
[19:48:09] Seen: 1 carrot
[19:48:10] Seen: 1 carrot
[19:48:11] Seen: 2 hot dog
[19:48:12] Scanning... (No specific food detected)
[19:48:13] Scanning... (No specific food detected)
[19:48:14] Seen: 2 carrot
[19:48:15] Seen: 2 carrot
[19:48:17] Seen: 2 carrot, 1 banana
[19:48:18] Seen: 2 carrot, 1 banana
[19:48:19] Seen: 1 carrot, 1 banana
[19:48:20] Seen: 2 carrot, 1 banana
[19:48:21] Seen: 2 carrot, 1 banana
[19:48:22] Seen: 1 sandwich, 2 carrot, 1 banana
[19:48:23] Seen: 2 carrot, 1 banana
[19:48:24] Seen: 1 sandwich, 2 carrot, 1 banana
[19:48:25] Seen: 2 carrot, 1 banana
[19:48:26] Seen: 2 carrot, 1 banana
[19:48:27] Seen: 2 carrot, 1 banana
[19:48:29] Seen: 2 carrot
[19:48:30] Scanning... (No specific food detected)
[19:48:31] Scanning... (No specific food detected)
[19:48:32] Seen: 1 carrot
[19:48:33] Seen: 2 carrot
[19:48:34] Seen: 1 sandwich, 2 carrot, 1 banana
[19:48:35] Seen: 1 sandwich, 2 carrot, 1 banana
[19:48:36] Seen: 1 sandwich, 2 carrot, 1 banana
[19:48:38] Seen: 1 sandwich, 2 carrot, 1 banana
[19:48:39] Seen: 2 carrot
[19:48:40] Seen: 2 carrot
[19:48:41] Seen: 2 carrot
[19:48:42] Seen: 2 carrot, 1 hot dog
[19:48:43] Seen: 1 sandwich, 1 carrot, 1 banana, 1 hot dog
[19:48:44] Seen: 2 carrot, 1 banana, 1 hot dog
[19:48:45] Seen: 1 sandwich, 2 carrot
[19:48:46] Seen: 1 sandwich, 2 carrot, 1 banana
[19:48:48] Seen: 1 carrot, 1 hot dog
[19:48:49] Seen: 1 carrot, 2 hot dog
[19:48:50] Seen: 1 carrot, 2 hot dog
[19:48:51] Seen: 1 carrot
[19:48:52] Seen: 1 carrot
[19:48:53] Seen: 1 carrot
[19:48:54] Seen: 1 carrot
[19:48:55] Seen: 1 carrot
[19:48:56] Seen: 1 carrot, 1 hot dog
[19:48:57] Seen: 2 carrot, 1 hot dog
[19:48:58] Seen: 2 carrot, 1 hot dog
[19:49:00] Seen: 2 carrot
[19:49:01] Seen: 1 carrot, 1 banana
[19:49:02] Seen: 2 carrot
[19:49:03] Seen: 2 carrot, 1 hot dog
[19:49:04] Seen: 2 carrot, 1 hot dog
[19:49:05] Seen: 2 carrot, 1 banana, 1 hot dog
[19:49:06] Seen: 2 carrot, 1 banana
[19:49:07] Seen: 2 carrot, 1 banana
[19:49:08] Seen: 2 carrot
[19:49:10] Seen: 1 carrot
[19:49:11] Seen: 2 carrot
[19:49:12] Seen: 1 carrot
[19:49:13] Seen: 1 carrot
[19:49:14] Seen: 2 carrot
[19:49:15] Seen: 2 carrot, 1 hot dog
[19:49:16] Seen: 2 carrot, 1 hot dog
[19:49:17] Seen: 2 carrot, 1 hot dog
[19:49:18] Seen: 2 carrot, 1 hot dog
[19:49:19] Seen: 2 carrot, 1 hot dog
[19:49:20] Seen: 2 carrot, 1 hot dog
[19:49:21] Seen: 2 carrot, 1 hot dog
[19:49:23] Seen: 2 carrot, 1 hot dog
[19:49:24] Seen: 2 carrot, 1 banana, 1 hot dog
[19:49:25] Seen: 1 carrot, 1 hot dog
[19:49:26] Seen: 2 carrot, 1 hot dog
[19:49:28] Seen: 2 carrot, 1 hot dog
[19:49:29] Seen: 2 carrot, 1 hot dog
[19:49:30] Seen: 2 carrot, 1 hot dog
[19:49:31] Seen: 2 carrot
[19:49:32] Seen: 1 carrot, 1 hot dog
[19:49:33] Seen: 2 carrot, 1 hot dog
[19:49:34] Seen: 1 carrot, 1 hot dog
[19:49:35] Seen: 2 carrot, 1 hot dog
[19:49:36] Seen: 1 carrot, 1 hot dog
[19:49:37] Seen: 1 carrot, 1 hot dog
[19:49:38] Seen: 2 carrot, 1 hot dog
[19:49:40] Seen: 1 carrot, 1 hot dog
[19:49:41] Seen: 2 carrot, 1 hot dog
[19:49:42] Seen: 2 carrot, 1 hot dog
[19:49:43] Seen: 2 carrot, 1 hot dog
[19:49:44] Seen: 2 carrot, 1 hot dog
[19:49:45] Seen: 2 carrot
[19:49:46] Seen: 2 carrot
[19:49:47] Seen: 2 carrot
[19:49:48] Seen: 2 carrot
[19:49:49] Seen: 2 carrot
[19:49:50] Seen: 2 carrot
[19:49:51] Seen: 2 carrot
[19:49:52] Seen: 2 carrot
[19:49:54] Seen: 2 carrot
[19:49:55] Seen: 1 carrot, 1 hot dog
[19:49:56] Seen: 2 carrot
[19:49:57] Seen: 2 carrot
[19:49:58] Seen: 2 carrot
[19:49:59] Seen: 2 carrot
[19:50:01] Seen: 2 carrot
[19:50:02] Seen: 2 carrot
[19:50:03] Seen: 2 carrot, 1 hot dog
[19:50:04] Seen: 2 carrot, 1 hot dog
[19:50:05] Seen: 2 carrot
[19:50:06] Seen: 2 carrot
[19:50:07] Seen: 2 carrot
[19:50:08] Seen: 2 carrot
[19:50:09] Seen: 1 carrot, 1 hot dog
[19:50:10] Seen: 2 carrot
[19:50:11] Seen: 2 carrot
[19:50:13] Seen: 1 carrot
[19:50:14] Seen: 2 carrot, 1 banana, 1 hot dog
[19:50:15] Seen: 2 carrot
[19:50:16] Seen: 1 carrot, 1 hot dog
[19:50:17] Seen: 2 carrot
[19:50:18] Seen: 1 carrot, 1 banana, 1 hot dog
[19:50:19] Seen: 2 carrot, 1 banana
[19:50:20] Seen: 2 carrot, 1 banana
[19:50:21] Seen: 2 carrot, 1 banana
[19:50:22] Seen: 2 carrot
[19:50:24] Seen: 2 carrot, 1 banana
[19:50:25] Seen: 2 carrot, 1 banana
[19:50:26] Seen: 2 carrot, 1 banana
[19:50:27] Seen: 2 carrot, 1 banana
[19:50:28] Seen: 2 carrot, 1 banana
[19:50:29] Seen: 2 carrot, 1 hot dog
[19:50:30] Seen: 2 carrot, 1 banana
[19:50:31] Seen: 2 carrot, 1 banana
[19:50:32] Seen: 2 carrot, 1 banana
[19:50:33] Seen: 2 carrot, 1 banana
[19:50:34] Seen: 2 carrot, 1 banana
[19:50:36] Seen: 2 carrot, 1 banana
[19:50:37] Seen: 2 carrot, 1 banana
[19:50:38] Seen: 2 carrot, 1 banana
[19:50:39] Seen: 2 carrot
[19:50:40] Seen: 2 carrot, 1 banana
[19:50:41] Seen: 2 carrot, 1 banana
[19:50:42] Seen: 2 carrot, 1 banana
[19:50:43] Seen: 2 carrot, 1 banana
[19:50:44] Seen: 2 carrot, 1 banana
[19:50:45] Seen: 2 carrot, 1 banana
[19:50:46] Seen: 2 carrot, 1 banana
[19:50:48] Seen: 2 carrot
[19:50:49] Seen: 2 carrot, 1 banana
[19:50:50] Seen: 2 carrot
[19:50:51] Seen: 2 carrot, 1 banana
[19:50:52] Seen: 2 carrot, 1 banana
[19:50:53] Seen: 2 carrot
[19:50:54] Seen: 2 carrot
[19:50:55] Seen: 1 carrot
[19:50:56] Seen: 2 carrot
[19:50:58] Seen: 2 carrot
[19:50:59] Seen: 2 carrot
[19:51:00] Seen: 2 carrot
[19:51:01] Seen: 1 carrot
[19:51:02] Scanning... (No specific food detected)
[19:51:03] Seen: 2 carrot
[19:51:04] Seen: 2 carrot
[19:51:05] Seen: 2 carrot
[19:51:06] Seen: 2 carrot
[19:51:07] Seen: 2 carrot
[19:51:08] Seen: 2 carrot
[19:51:10] Seen: 1 carrot
[19:51:11] Seen: 2 carrot
[19:51:12] Seen: 2 carrot
[19:51:13] Seen: 1 carrot
[19:51:14] Seen: 1 carrot
[19:51:15] Seen: 2 carrot
[19:51:16] Seen: 2 carrot
[19:51:17] Seen: 2 carrot
[19:51:18] Seen: 2 carrot
[19:51:19] Seen: 2 carrot, 1 banana
[19:51:20] Seen: 2 carrot
[19:51:21] Seen: 2 carrot, 1 banana
[19:51:22] Seen: 2 carrot, 1 banana
[19:51:24] Seen: 2 carrot
[19:51:25] Seen: 2 carrot, 1 banana
[19:51:26] Seen: 2 carrot, 1 banana
[19:51:27] Seen: 2 carrot, 1 banana
[19:51:28] Seen: 2 carrot, 1 banana
[19:51:29] Seen: 2 carrot, 1 banana
[19:51:30] Seen: 2 carrot, 1 banana
[19:51:31] Seen: 2 carrot, 1 banana
[19:51:32] Seen: 2 carrot, 1 banana
[19:51:33] Seen: 2 carrot, 1 banana
[19:51:35] Seen: 2 carrot, 1 banana
[19:51:36] Seen: 2 carrot
[19:51:37] Seen: 2 carrot, 1 banana
[19:51:38] Seen: 2 carrot, 1 banana
[19:51:39] Seen: 2 carrot, 1 banana
[19:51:40] Seen: 2 carrot, 1 banana
[19:51:41] Seen: 2 carrot, 1 banana
