--- Fridge Session Started: Sat Jan 17 21:54:16 2026 ---
[21:54:17] Seen: 1 hot dog, 1 orange, 1 banana, 1 carrot
[21:54:18] Seen: 1 hot dog, 1 orange, 1 banana, 1 carrot
[21:54:19] Seen: 1 hot dog, 1 orange, 1 banana, 1 carrot
[21:54:20] Seen: 1 hot dog, 1 orange, 1 banana, 1 carrot
[21:54:21] Seen: 1 hot dog, 1 orange, 1 banana, 1 carrot
[21:54:22] Seen: 1 hot dog, 1 orange, 1 banana, 1 carrot
[21:54:23] Seen: 1 hot dog, 1 orange, 1 banana, 1 carrot
[21:54:24] Seen: 1 hot dog, 1 orange, 1 banana, 1 carrot
[21:54:25] Seen: 1 hot dog, 1 orange, 1 banana, 1 carrot
[21:54:26] Seen: 1 hot dog, 1 orange, 1 banana, 1 carrot
[21:54:28] Seen: 1 hot dog, 1 orange, 1 banana, 1 carrot
[21:54:29] Seen: 1 hot dog, 1 orange, 1 banana, 2 carrot
[21:54:30] Seen: 1 hot dog, 1 orange, 1 banana, 1 carrot
[21:54:31] Seen: 1 hot dog, 1 orange, 1 banana, 2 carrot
[21:54:32] Seen: 1 hot dog, 1 orange, 1 banana, 2 carrot
[21:54:33] Seen: 1 hot dog, 1 orange, 1 banana, 1 carrot
[21:54:34] Seen: 1 hot dog, 1 orange, 1 banana, 1 carrot
[21:54:35] Seen: 1 hot dog, 1 orange, 1 banana, 2 carrot
[21:54:36] Seen: 1 hot dog, 1 orange, 1 banana, 1 carrot
[21:54:37] Seen: 1 hot dog, 1 orange, 1 banana, 2 carrot
[21:54:38] Seen: 1 hot dog, 1 orange, 1 banana, 1 carrot
[21:54:40] Seen: 1 hot dog, 1 orange, 1 banana, 2 carrot
[21:54:41] Seen: 1 hot dog, 1 orange, 1 banana, 1 carrot
[21:54:42] Seen: 1 hot dog, 1 orange, 1 banana, 1 carrot
[21:54:43] Seen: 1 hot dog, 1 orange, 1 banana, 2 carrot
[21:54:44] Seen: 1 hot dog, 1 orange, 1 banana, 1 carrot
[21:54:45] Seen: 1 hot dog, 1 orange, 1 banana, 1 carrot
[21:54:46] Seen: 1 hot dog, 1 orange, 1 banana, 2 carrot
[21:54:47] Seen: 1 hot dog, 1 orange, 1 banana, 1 carrot
[21:54:49] Seen: 1 hot dog, 1 orange, 1 banana, 1 carrot
[21:54:50] Seen: 1 hot dog, 1 orange, 1 banana, 2 carrot
[21:54:51] Seen: 1 hot dog, 1 orange, 1 banana, 1 carrot
[21:54:52] Seen: 1 hot dog, 1 orange, 1 banana, 1 carrot
[21:54:53] Seen: 1 hot dog, 1 orange, 1 banana, 1 carrot
[21:54:54] Seen: 1 hot dog, 1 orange, 1 banana, 1 carrot
[21:54:55] Seen: 1 hot dog, 1 orange, 1 banana, 1 carrot
[21:54:56] Seen: 1 hot dog, 1 orange, 1 banana, 1 carrot
[21:54:58] Seen: 1 hot dog, 1 orange, 1 banana, 1 carrot
[21:54:59] Seen: 1 hot dog, 1 orange, 1 banana, 1 carrot
[21:55:00] Seen: 1 hot dog, 1 orange, 1 banana, 2 carrot
[21:55:01] Seen: 1 hot dog, 1 orange, 1 banana, 1 carrot
[21:55:02] Seen: 1 hot dog, 1 orange, 1 banana, 2 carrot
[21:55:03] Seen: 1 hot dog, 1 orange, 1 banana, 1 carrot
[21:55:04] Seen: 1 hot dog, 1 orange, 1 banana, 1 carrot
[21:55:05] Seen: 1 hot dog, 1 orange, 1 banana, 2 carrot
[21:55:07] Seen: 1 hot dog, 1 orange, 1 banana, 1 carrot
[21:55:08] Seen: 1 hot dog, 1 orange, 1 banana, 1 carrot
[21:55:09] Seen: 1 hot dog, 1 orange, 1 banana, 2 carrot
[21:55:10] Seen: 1 hot dog, 1 orange, 1 banana, 2 carrot
[21:55:11] Seen: 1 hot dog, 1 orange, 1 banana, 1 carrot
[21:55:12] Seen: 1 hot dog, 1 orange, 1 banana, 1 carrot
[21:55:13] Seen: 1 hot dog, 1 orange, 1 banana, 2 carrot
[21:55:15] Seen: 1 hot dog, 1 orange, 1 banana, 1 carrot
[21:55:16] Seen: 1 hot dog, 1 orange, 1 banana, 2 carrot
[21:55:17] Seen: 1 hot dog, 1 orange, 1 banana, 1 carrot
[21:55:18] Seen: 1 hot dog, 1 orange, 1 banana, 1 carrot
[21:55:19] Seen: 1 hot dog, 1 orange, 1 banana, 1 carrot
[21:55:20] Seen: 1 hot dog, 1 orange, 1 banana, 2 carrot
[21:55:21] Seen: 1 hot dog, 1 orange, 1 banana, 1 carrot
[21:55:22] Seen: 1 hot dog, 1 orange, 1 banana, 1 carrot
[21:55:24] Seen: 1 hot dog, 1 orange, 1 banana, 1 carrot
[21:55:25] Seen: 1 hot dog, 1 orange, 1 banana, 1 carrot
[21:55:26] Seen: 1 hot dog, 1 orange, 1 banana, 1 carrot
[21:55:27] Seen: 1 hot dog, 1 orange, 1 banana, 1 carrot
[21:55:28] Seen: 1 hot dog, 1 orange, 1 banana, 1 carrot
[21:55:29] Seen: 1 hot dog, 1 orange, 1 banana, 2 carrot
[21:55:30] Seen: 1 hot dog, 1 orange, 1 banana, 1 carrot
[21:55:32] Seen: 1 hot dog, 1 orange, 1 banana, 1 carrot
[21:55:33] Seen: 1 hot dog, 1 orange, 1 banana, 2 carrot
[21:55:34] Seen: 1 hot dog, 1 orange, 1 banana, 1 carrot
[21:55:35] Seen: 1 hot dog, 1 orange, 1 banana, 1 carrot
[21:55:36] Seen: 1 hot dog, 1 orange, 1 banana, 2 carrot
[21:55:37] Seen: 1 hot dog, 1 orange, 1 banana, 1 carrot
[21:55:38] Seen: 1 hot dog, 1 orange, 1 banana, 1 carrot
[21:55:39] Seen: 1 hot dog, 1 orange, 1 banana, 2 carrot
[21:55:41] Seen: 1 hot dog, 1 orange, 1 banana, 1 carrot
[21:55:42] Seen: 1 hot dog, 1 orange, 1 banana, 2 carrot
[21:55:43] Seen: 1 hot dog, 1 orange, 1 banana, 2 carrot
[21:55:44] Seen: 1 hot dog, 1 orange, 1 banana, 1 carrot
[21:55:45] Seen: 1 hot dog, 1 orange, 1 banana, 1 carrot
[21:55:46] Seen: 1 hot dog, 1 orange, 1 banana, 1 carrot
[21:55:47] Seen: 1 hot dog, 1 banana, 2 carrot
[21:55:49] Seen: 1 hot dog, 1 orange, 1 banana, 1 carrot
[21:55:50] Seen: 1 hot dog, 1 orange, 1 banana, 2 carrot
[21:55:51] Seen: 1 hot dog, 1 orange, 1 banana, 1 carrot
[21:55:52] Seen: 1 hot dog, 1 orange, 1 banana, 2 carrot
[21:55:53] Seen: 1 hot dog, 1 orange, 1 banana, 2 carrot
[21:55:54] Seen: 1 hot dog, 1 orange, 1 banana, 2 carrot
[21:55:55] Seen: 1 hot dog, 1 orange, 1 banana, 2 carrot
[21:55:57] Seen: 1 hot dog, 1 orange, 1 banana, 1 carrot
[21:55:58] Seen: 1 hot dog, 1 orange, 1 banana, 2 carrot
[21:55:59] Seen: 1 hot dog, 1 orange, 1 banana, 1 carrot
[21:56:00] Seen: 1 hot dog, 1 orange, 1 banana, 1 carrot
[21:56:01] Seen: 1 hot dog, 1 orange, 1 banana, 1 carrot
[21:56:02] Seen: 1 hot dog, 1 orange, 1 banana, 1 carrot
[21:56:03] Seen: 1 hot dog, 1 orange, 1 banana, 1 carrot
[21:56:04] Seen: 1 hot dog, 1 orange, 1 banana, 2 carrot
[21:56:06] Seen: 1 hot dog, 1 orange, 1 banana, 1 carrot
[21:56:07] Seen: 1 hot dog, 1 banana, 2 carrot
[21:56:08] Seen: 1 hot dog, 1 orange, 1 banana, 1 carrot
[21:56:09] Seen: 1 hot dog, 1 orange, 1 banana, 1 carrot
[21:56:10] Seen: 1 hot dog, 1 orange, 1 banana, 2 carrot
[21:56:11] Seen: 1 hot dog, 1 orange, 1 banana, 1 carrot
[21:56:12] Seen: 1 hot dog, 1 orange, 1 banana, 1 carrot
[21:56:14] Seen: 1 hot dog, 1 banana, 1 carrot
[21:56:15] Seen: 1 hot dog, 1 orange, 1 banana, 1 carrot
[21:56:16] Seen: 1 hot dog, 1 orange, 1 banana, 2 carrot
[21:56:17] Seen: 1 hot dog, 1 orange, 1 banana, 2 carrot
[21:56:18] Seen: 1 hot dog, 1 orange, 1 banana, 1 carrot
[21:56:19] Seen: 1 hot dog, 1 orange, 1 banana, 1 carrot
[21:56:20] Seen: 1 hot dog, 1 orange, 1 banana, 1 carrot
[21:56:21] Seen: 1 hot dog, 1 orange, 1 banana, 1 carrot
[21:56:23] Seen: 1 hot dog, 1 orange, 1 banana, 2 carrot
[21:56:24] Seen: 1 hot dog, 1 orange, 1 banana, 2 carrot
[21:56:25] Seen: 1 hot dog, 1 orange, 1 banana, 1 carrot
[21:56:26] Seen: 1 hot dog, 1 orange, 1 banana, 2 carrot
[21:56:27] Seen: 1 hot dog, 1 orange, 1 banana, 1 carrot
[21:56:28] Seen: 1 hot dog, 1 banana, 2 carrot
[21:56:29] Seen: 1 hot dog, 1 orange, 1 banana, 1 carrot
[21:56:30] Seen: 1 hot dog, 1 orange, 1 banana, 1 carrot
[21:56:31] Seen: 1 hot dog, 1 orange, 1 banana, 1 carrot
[21:56:33] Seen: 1 hot dog, 1 orange, 1 banana, 1 carrot
[21:56:34] Seen: 1 hot dog, 1 orange, 1 banana, 1 carrot
[21:56:35] Seen: 1 hot dog, 1 orange, 1 banana, 2 carrot
[21:56:36] Seen: 1 hot dog, 1 orange, 1 banana, 1 carrot
[21:56:37] Seen: 1 hot dog, 1 orange, 1 banana, 1 carrot
[21:56:38] Seen: 1 hot dog, 1 orange, 1 banana, 1 carrot
[21:56:40] Seen: 1 hot dog, 1 orange, 1 banana, 1 carrot
[21:56:41] Seen: 1 hot dog, 1 orange, 1 banana, 2 carrot
[21:56:42] Seen: 1 hot dog, 1 orange, 1 banana, 2 carrot
[21:56:43] Seen: 1 hot dog, 1 orange, 1 banana, 2 carrot
[21:56:44] Seen: 1 hot dog, 1 orange, 1 banana, 2 carrot
[21:56:45] Seen: 1 hot dog, 1 banana, 2 carrot
[21:56:46] Seen: 1 banana, 2 carrot
[21:56:48] Seen: 1 banana, 3 carrot
[21:56:49] Seen: 1 hot dog, 1 orange, 1 banana, 1 carrot
[21:56:50] Seen: 1 hot dog, 1 orange, 1 banana, 2 carrot
[21:56:51] Seen: 1 hot dog, 1 banana, 2 carrot
[21:56:52] Seen: 2 hot dog
[21:56:53] Seen: 2 hot dog
[21:56:54] Seen: 1 hot dog
[21:56:55] Seen: 1 hot dog
[21:56:57] Seen: 1 carrot
[21:56:58] Seen: 1 hot dog, 1 sandwich, 1 banana, 1 carrot
[21:56:59] Seen: 1 hot dog, 1 orange, 1 banana, 1 carrot
[21:57:00] Seen: 1 orange, 1 hot dog, 1 banana, 1 carrot, 1 sandwich
[21:57:01] Seen: 1 orange, 1 hot dog, 1 banana, 1 carrot, 1 sandwich
[21:57:03] Seen: 1 orange, 1 hot dog, 1 banana, 1 carrot, 1 sandwich
[21:57:04] Seen: 1 orange, 1 hot dog, 1 banana, 1 carrot, 1 sandwich
[21:57:05] Seen: 1 orange, 1 hot dog, 1 banana, 1 carrot, 1 sandwich
[21:57:06] Seen: 1 orange, 1 hot dog, 1 banana, 1 carrot, 1 sandwich
[21:57:07] Seen: 1 orange, 1 hot dog, 1 banana, 1 carrot, 1 sandwich
[21:57:08] Seen: 1 hot dog, 1 orange, 1 banana, 1 carrot
[21:57:09] Seen: 1 orange, 1 hot dog, 1 banana, 1 carrot, 1 sandwich
[21:57:11] Seen: 1 orange, 1 hot dog, 1 banana, 1 carrot, 1 sandwich
[21:57:12] Seen: 1 orange, 1 hot dog, 1 banana, 1 carrot, 1 sandwich
[21:57:13] Seen: 1 orange, 1 hot dog, 1 banana, 1 carrot, 1 sandwich
[21:57:14] Seen: 1 orange, 1 hot dog, 1 banana, 1 carrot, 1 sandwich
[21:57:15] Seen: 1 hot dog, 1 orange, 1 banana, 1 carrot
[21:57:16] Seen: 1 orange, 1 hot dog, 1 banana, 1 carrot, 1 sandwich
[21:57:17] Seen: 1 orange, 1 hot dog, 1 banana, 1 carrot, 1 sandwich
[21:57:18] Seen: 1 orange, 1 hot dog, 1 banana, 1 carrot, 1 sandwich
[21:57:20] Seen: 1 orange, 1 hot dog, 1 banana, 1 carrot, 1 sandwich
[21:57:21] Seen: 1 orange, 1 hot dog, 1 banana, 1 carrot, 1 sandwich
[21:57:22] Seen: 1 hot dog, 1 orange, 1 banana, 1 carrot
[21:57:23] Seen: 1 hot dog, 1 orange, 1 banana, 1 carrot
[21:57:24] Seen: 1 orange, 1 hot dog, 1 banana, 1 carrot, 1 sandwich
[21:57:25] Seen: 1 orange, 1 hot dog, 1 banana, 1 carrot, 1 sandwich
[21:57:26] Seen: 1 orange, 1 hot dog, 1 banana, 1 carrot, 1 sandwich
[21:57:27] Seen: 1 orange, 1 hot dog, 1 banana, 1 carrot, 1 sandwich
[21:57:29] Seen: 1 orange, 1 hot dog, 1 banana, 1 carrot, 1 sandwich
[21:57:30] Seen: 1 orange, 1 hot dog, 1 banana, 1 carrot, 1 sandwich
[21:57:31] Seen: 1 orange, 1 hot dog, 1 banana, 1 carrot, 1 sandwich
[21:57:32] Seen: 1 orange, 1 hot dog, 1 banana, 1 carrot, 1 sandwich
[21:57:33] Seen: 1 orange, 1 hot dog, 1 banana, 1 carrot, 1 sandwich
[21:57:34] Seen: 1 orange, 1 hot dog, 1 banana, 1 carrot, 1 sandwich
[21:57:35] Seen: 1 orange, 1 hot dog, 1 banana, 1 carrot, 1 sandwich
[21:57:36] Seen: 1 orange, 1 hot dog, 1 banana, 1 carrot, 1 sandwich
[21:57:38] Seen: 1 orange, 1 hot dog, 1 banana, 1 carrot, 1 sandwich
[21:57:39] Seen: 1 orange, 1 hot dog, 1 banana, 1 carrot, 1 sandwich
[21:57:40] Seen: 1 orange, 1 hot dog, 1 banana, 1 carrot, 1 sandwich
[21:57:41] Seen: 1 orange, 1 hot dog, 1 banana, 1 carrot, 1 sandwich
[21:57:42] Seen: 1 orange, 1 hot dog, 1 banana, 1 carrot, 1 sandwich
[21:57:43] Seen: 1 orange, 1 hot dog, 1 banana, 1 carrot, 1 sandwich
[21:57:44] Seen: 1 hot dog, 1 orange, 1 banana, 1 carrot
[21:57:45] Seen: 1 orange, 1 hot dog, 1 banana, 1 carrot, 1 sandwich
[21:57:47] Seen: 1 orange, 1 hot dog, 1 banana, 1 carrot, 1 sandwich
[21:57:48] Seen: 1 orange, 1 hot dog, 1 banana, 1 carrot, 1 sandwich
[21:57:49] Seen: 1 orange, 1 hot dog, 1 banana, 1 carrot, 1 sandwich
[21:57:50] Seen: 1 orange, 1 hot dog, 1 banana, 1 carrot, 1 sandwich
[21:57:51] Seen: 1 orange, 1 hot dog, 1 banana, 1 carrot, 1 sandwich
[21:57:52] Seen: 1 orange, 1 hot dog, 1 banana, 1 carrot, 1 sandwich
[21:57:53] Seen: 1 orange, 1 hot dog, 1 banana, 1 carrot, 1 sandwich
[21:57:54] Seen: 1 orange, 1 hot dog, 1 banana, 1 carrot, 1 sandwich
[21:57:56] Seen: 1 orange, 1 hot dog, 1 banana, 1 carrot, 1 sandwich
[21:57:57] Seen: 1 orange, 1 hot dog, 1 banana, 1 carrot, 1 sandwich
[21:57:58] Seen: 1 orange, 1 hot dog, 1 banana, 1 carrot, 1 sandwich
[21:57:59] Seen: 1 orange, 1 hot dog, 1 banana, 1 carrot, 1 sandwich
[21:58:00] Seen: 1 orange, 1 hot dog, 1 banana, 1 carrot, 1 sandwich
[21:58:01] Seen: 1 orange, 1 hot dog, 1 banana, 1 carrot, 1 sandwich
[21:58:03] Seen: 1 orange, 1 hot dog, 1 banana, 1 carrot, 1 sandwich
[21:58:04] Seen: 1 orange, 1 hot dog, 1 banana, 1 carrot, 1 sandwich
[21:58:05] Seen: 1 hot dog, 1 orange, 1 banana, 1 carrot
[21:58:06] Seen: 1 orange, 1 hot dog, 1 banana, 1 carrot, 1 sandwich
[21:58:07] Seen: 1 orange, 1 hot dog, 1 banana, 1 carrot, 1 sandwich
[21:58:08] Seen: 1 orange, 1 hot dog, 1 banana, 1 carrot, 1 sandwich
[21:58:09] Seen: 1 orange, 1 hot dog, 1 banana, 1 carrot, 1 sandwich
[21:58:10] Seen: 1 orange, 1 hot dog, 1 banana, 1 carrot, 1 sandwich
[21:58:12] Seen: 1 orange, 1 hot dog, 1 banana, 1 carrot, 1 sandwich
[21:58:13] Seen: 1 orange, 1 hot dog, 1 banana, 1 carrot, 1 sandwich
[21:58:14] Seen: 1 orange, 1 hot dog, 1 banana, 1 carrot, 1 sandwich
[21:58:15] Seen: 1 orange, 1 hot dog, 1 banana, 1 carrot, 1 sandwich
[21:58:16] Seen: 1 orange, 1 hot dog, 1 banana, 1 carrot, 1 sandwich
[21:58:17] Seen: 1 orange, 1 hot dog, 1 banana, 1 carrot, 1 sandwich
[21:58:18] Seen: 1 orange, 1 hot dog, 1 banana, 1 carrot, 1 sandwich
[21:58:20] Seen: 1 orange, 1 hot dog, 1 banana, 1 carrot, 1 sandwich
[21:58:21] Seen: 1 orange, 1 hot dog, 1 banana, 1 carrot, 1 sandwich
[21:58:22] Seen: 1 orange, 1 hot dog, 1 banana, 1 carrot, 1 sandwich
[21:58:23] Seen: 1 orange, 1 hot dog, 1 banana, 1 carrot, 1 sandwich
[21:58:24] Seen: 1 orange, 1 hot dog, 1 banana, 1 carrot, 1 sandwich
[21:58:25] Seen: 1 orange, 1 hot dog, 1 banana, 1 carrot, 1 sandwich
[21:58:26] Seen: 1 orange, 1 hot dog, 1 banana, 1 carrot, 1 sandwich
[21:58:27] Seen: 1 orange, 1 hot dog, 1 banana, 1 carrot, 1 sandwich
[21:58:29] Seen: 1 orange, 1 hot dog, 1 banana, 1 carrot, 1 sandwich
[21:58:30] Seen: 1 orange, 1 hot dog, 1 banana, 1 carrot, 1 sandwich
[21:58:31] Seen: 1 orange, 1 hot dog, 1 banana, 1 carrot, 1 sandwich
[21:58:32] Seen: 1 orange, 1 hot dog, 1 banana, 1 carrot, 1 sandwich
[21:58:33] Seen: 1 orange, 1 hot dog, 1 banana, 1 carrot, 1 sandwich
[21:58:34] Seen: 1 orange, 1 hot dog, 1 banana, 1 carrot, 1 sandwich
[21:58:35] Seen: 1 orange, 1 hot dog, 1 banana, 1 carrot, 1 sandwich
[21:58:36] Seen: 1 orange, 1 hot dog, 1 banana, 1 carrot, 1 sandwich
[21:58:38] Seen: 1 orange, 1 hot dog, 1 banana, 1 carrot, 1 sandwich
[21:58:39] Seen: 1 orange, 1 hot dog, 1 banana, 1 carrot, 1 sandwich
[21:58:40] Seen: 1 orange, 1 hot dog, 1 banana, 1 carrot, 1 sandwich
[21:58:41] Seen: 1 orange, 1 hot dog, 1 banana, 1 carrot, 1 sandwich
[21:58:42] Seen: 1 orange, 1 hot dog, 1 banana, 1 carrot, 1 sandwich
[21:58:43] Seen: 1 hot dog, 1 orange, 1 banana, 1 carrot
[21:58:44] Seen: 1 hot dog, 1 sandwich, 1 banana, 1 carrot
[21:58:45] Seen: 2 hot dog, 1 sandwich, 1 banana
[21:58:47] Seen: 2 hot dog, 1 sandwich, 1 banana, 1 carrot
[21:58:48] Seen: 2 hot dog, 1 sandwich, 1 banana
[21:58:49] Seen: 1 hot dog, 1 sandwich, 1 banana
[21:58:50] Seen: 1 hot dog, 1 orange, 1 banana, 1 carrot
[21:58:51] Seen: 1 hot dog, 1 orange, 1 banana, 1 carrot
[21:58:52] Seen: 1 hot dog, 1 orange, 1 banana, 1 carrot
[21:58:53] Seen: 1 orange, 1 hot dog, 1 banana, 1 carrot, 1 sandwich
[21:58:55] Seen: 1 orange, 1 hot dog, 1 banana, 1 carrot, 1 sandwich
[21:58:56] Seen: 1 orange, 1 hot dog, 1 banana, 1 carrot, 1 sandwich
[21:58:57] Seen: 1 orange, 1 hot dog, 1 banana, 1 carrot, 1 sandwich
[21:58:58] Seen: 1 orange, 1 hot dog, 1 banana, 1 carrot, 1 sandwich
[21:58:59] Seen: 1 hot dog, 1 orange, 1 banana, 1 carrot
[21:59:00] Seen: 1 orange, 1 hot dog, 1 banana, 2 carrot, 1 sandwich
[21:59:01] Seen: 1 hot dog, 1 orange, 1 banana, 1 carrot
[21:59:03] Seen: 1 orange, 1 hot dog, 1 banana, 1 carrot, 1 sandwich
[21:59:04] Seen: 1 orange, 1 hot dog, 1 banana, 1 carrot, 1 sandwich
[21:59:05] Seen: 1 hot dog, 1 orange, 1 banana, 1 carrot
[21:59:06] Seen: 1 hot dog, 1 orange, 1 banana, 1 carrot
[21:59:07] Seen: 1 hot dog, 1 orange, 1 banana, 1 carrot
[21:59:08] Seen: 1 orange, 1 hot dog, 1 banana, 1 carrot, 1 sandwich
[21:59:09] Seen: 2 hot dog, 1 sandwich, 1 banana
[21:59:11] Seen: 1 hot dog, 1 sandwich, 1 banana
[21:59:12] Seen: 1 hot dog, 1 sandwich, 1 banana
[21:59:13] Seen: 1 hot dog, 1 sandwich, 1 banana
[21:59:14] Seen: 1 hot dog, 1 sandwich, 1 banana
[21:59:15] Seen: 1 carrot
[21:59:16] Seen: 1 banana
[21:59:17] Seen: 1 orange, 1 hot dog, 1 banana, 1 carrot, 1 sandwich
[21:59:19] Seen: 1 orange, 1 hot dog, 1 banana, 1 carrot, 1 sandwich
[21:59:20] Seen: 1 orange, 1 hot dog, 1 banana, 1 carrot, 1 sandwich
[21:59:21] Seen: 1 orange, 1 hot dog, 1 banana, 1 carrot, 1 sandwich
[21:59:22] Seen: 1 hot dog, 1 orange, 1 banana, 1 carrot
[21:59:23] Seen: 1 hot dog, 1 orange, 1 banana, 1 carrot
[21:59:24] Seen: 1 orange, 1 hot dog, 1 banana, 1 carrot, 1 sandwich
[21:59:25] Seen: 1 orange, 1 hot dog, 1 banana, 1 carrot, 1 sandwich
[21:59:26] Seen: 1 orange, 1 hot dog, 1 banana, 1 carrot, 1 sandwich
[21:59:28] Seen: 1 orange, 1 hot dog, 1 banana, 1 carrot, 1 sandwich
[21:59:29] Seen: 1 orange, 1 hot dog, 1 banana, 1 carrot, 1 sandwich
[21:59:30] Seen: 1 hot dog, 1 orange, 1 banana, 2 carrot
[21:59:31] Seen: 1 orange, 1 hot dog, 1 banana, 1 carrot, 1 sandwich
[21:59:32] Seen: 1 orange, 1 hot dog, 1 banana, 1 carrot, 1 sandwich
[21:59:33] Seen: 1 orange, 1 hot dog, 1 banana, 1 carrot, 1 sandwich
[21:59:34] Seen: 1 orange, 1 hot dog, 1 banana, 1 carrot, 1 sandwich
[21:59:36] Seen: 1 orange, 1 hot dog, 1 banana, 1 carrot, 1 sandwich
[21:59:37] Seen: 1 hot dog, 1 orange, 1 banana, 1 carrot
[21:59:38] Seen: 1 orange, 1 hot dog, 1 banana, 1 carrot, 1 sandwich
[21:59:39] Seen: 1 hot dog, 1 orange, 1 banana, 1 carrot
[21:59:40] Seen: 1 hot dog, 1 orange, 1 banana, 1 carrot
[21:59:41] Seen: 1 hot dog, 1 orange, 1 banana, 1 carrot
[21:59:42] Seen: 1 hot dog, 1 orange, 1 banana, 1 carrot
[21:59:43] Seen: 1 hot dog, 1 orange, 1 banana, 2 carrot
[21:59:45] Seen: 1 orange, 1 hot dog, 1 banana, 2 carrot, 1 sandwich
[21:59:46] Seen: 1 orange, 1 hot dog, 1 banana, 1 carrot, 1 sandwich
[21:59:47] Seen: 1 orange, 1 hot dog, 1 banana, 1 carrot, 1 sandwich
[21:59:48] Seen: 1 orange, 1 hot dog, 1 banana, 1 carrot, 1 sandwich
[21:59:49] Seen: 1 orange, 1 hot dog, 1 banana, 1 carrot, 1 sandwich
[21:59:50] Seen: 1 hot dog, 1 orange, 1 banana, 1 carrot
[21:59:51] Seen: 1 orange, 1 hot dog, 1 banana, 2 carrot, 1 sandwich
[21:59:52] Seen: 1 orange, 1 hot dog, 1 banana, 1 carrot, 1 sandwich
[21:59:54] Seen: 1 orange, 1 hot dog, 1 banana, 1 carrot, 1 sandwich
[21:59:55] Seen: 1 hot dog, 1 orange, 1 banana, 1 carrot
[21:59:56] Seen: 1 hot dog, 1 orange, 1 banana, 1 carrot
[21:59:57] Seen: 1 orange, 1 hot dog, 1 banana, 1 carrot, 1 sandwich
[21:59:58] Seen: 1 orange, 1 hot dog, 1 banana, 2 carrot, 1 sandwich
[21:59:59] Seen: 1 orange, 1 hot dog, 1 banana, 1 carrot, 1 sandwich
[22:00:00] Seen: 1 hot dog, 1 orange, 1 banana, 1 carrot
[22:00:01] Seen: 1 orange, 1 hot dog, 1 banana, 1 carrot, 1 sandwich
[22:00:03] Seen: 1 orange, 1 hot dog, 1 banana, 1 carrot, 1 sandwich
[22:00:04] Seen: 1 orange, 1 hot dog, 1 banana, 1 carrot, 1 sandwich
[22:00:05] Seen: 1 orange, 1 hot dog, 1 banana, 1 carrot, 1 sandwich
[22:00:06] Seen: 1 orange, 1 hot dog, 1 banana, 1 carrot, 1 sandwich
[22:00:07] Seen: 1 orange, 1 hot dog, 1 banana, 1 carrot, 1 sandwich
[22:00:08] Seen: 1 orange, 1 hot dog, 1 banana, 2 carrot, 1 sandwich
[22:00:10] Seen: 1 orange, 1 hot dog, 1 banana, 1 carrot, 1 sandwich
[22:00:11] Seen: 1 orange, 1 hot dog, 1 banana, 1 carrot, 1 sandwich
[22:00:12] Seen: 1 orange, 1 hot dog, 1 banana, 1 carrot, 1 sandwich
[22:00:13] Seen: 1 orange, 1 hot dog, 1 banana, 1 carrot, 1 sandwich
[22:00:14] Seen: 1 orange, 1 hot dog, 1 banana, 1 carrot, 1 sandwich
[22:00:15] Seen: 1 orange, 1 hot dog, 1 banana, 1 carrot, 1 sandwich
[22:00:16] Seen: 1 orange, 1 hot dog, 1 banana, 1 carrot, 1 sandwich
[22:00:18] Seen: 1 orange, 1 hot dog, 1 banana, 1 carrot, 1 sandwich
[22:00:19] Seen: 1 orange, 1 hot dog, 1 banana, 1 carrot, 1 sandwich
[22:00:20] Seen: 1 hot dog, 1 orange, 1 banana, 1 carrot
[22:00:21] Seen: 1 orange, 1 hot dog, 1 banana, 1 carrot, 1 sandwich
[22:00:22] Seen: 1 orange, 1 hot dog, 1 banana, 1 carrot, 1 sandwich
[22:00:23] Seen: 1 orange, 1 hot dog, 1 banana, 1 carrot, 1 sandwich
[22:00:24] Seen: 1 orange, 1 hot dog, 1 banana, 1 carrot, 1 sandwich
[22:00:26] Seen: 1 orange, 1 hot dog, 1 banana, 1 carrot, 1 sandwich
